[ 2014-11-25T20:11:29+08:00 ] 0.0.0.0 /
INFO: [ app_begin ] --START--
INFO: ReadHtmlCache Behavior ::run [ RunTime:0.002072s ]
INFO: [ app_begin ] --END-- [ RunTime:0.002245s ]
SQL: SHOW COLUMNS FROM `dh_category` [ RunTime:0.018178s ]
ERR: 1146:Table 'dianhua.dh_category' doesn't exist
 [ SQL语句 ] : SHOW COLUMNS FROM `dh_category`
SQL: SELECT * FROM `dh_category` WHERE ( isverify=1 and isshow=1 ) LIMIT 5   [ RunTime:0.000335s ]
ERR: 1146:Table 'dianhua.dh_category' doesn't exist
 [ SQL语句 ] : SELECT * FROM `dh_category` WHERE ( isverify=1 and isshow=1 ) LIMIT 5  
SQL: SHOW COLUMNS FROM `dh_huafei` [ RunTime:0.002640s ]
SQL: SELECT * FROM `dh_huafei` WHERE ( yys='移动' ) ORDER BY id desc  [ RunTime:0.000490s ]
SQL: SELECT * FROM `dh_huafei` WHERE ( yys='联通' ) ORDER BY id desc  [ RunTime:0.000360s ]
SQL: SELECT * FROM `dh_huafei` WHERE ( yys='电信' ) ORDER BY id desc  [ RunTime:0.000306s ]
INFO: [ view_parse ] --START--
NOTIC: [8] Undefined index: username E:\Program Files\wamp\www\App\Runtime\Cache\Index\35df0d61bb9b2cf03f64104eb4a2e1e8.php 第 19 行.
INFO: ParseTemplate Behavior ::run [ RunTime:0.059753s ]
INFO: [ view_parse ] --END-- [ RunTime:0.059869s ]
INFO: [ view_filter ] --START--
INFO: ContentReplace Behavior ::run [ RunTime:0.013047s ]
INFO: TokenBuild Behavior ::run [ RunTime:0.000894s ]
INFO: WriteHtmlCache Behavior ::run [ RunTime:0.000513s ]
INFO: ShowRuntime Behavior ::run [ RunTime:0.001180s ]
INFO: [ view_filter ] --END-- [ RunTime:0.015911s ]
INFO: [ view_end ] --START--
INFO: ShowPageTrace Behavior ::run [ RunTime:0.001141s ]
INFO: [ view_end ] --END-- [ RunTime:0.001230s ]

[ 2014-11-25T20:11:35+08:00 ] 0.0.0.0 /index.php/index/index/chaxun.html
INFO: [ route_check ] --START--
INFO: CheckRoute Behavior ::run [ RunTime:0.079388s ]
INFO: [ route_check ] --END-- [ RunTime:0.079583s ]
INFO: [ app_begin ] --START--
INFO: ReadHtmlCache Behavior ::run [ RunTime:0.000558s ]
INFO: [ app_begin ] --END-- [ RunTime:0.000714s ]
SQL: SHOW COLUMNS FROM `dh_category` [ RunTime:0.001891s ]
ERR: 1146:Table 'dianhua.dh_category' doesn't exist
 [ SQL语句 ] : SHOW COLUMNS FROM `dh_category`
SQL: SELECT * FROM `dh_category` WHERE ( isverify=1 and isshow=1 ) LIMIT 5   [ RunTime:0.000339s ]
ERR: 1146:Table 'dianhua.dh_category' doesn't exist
 [ SQL语句 ] : SELECT * FROM `dh_category` WHERE ( isverify=1 and isshow=1 ) LIMIT 5  
SQL: SHOW COLUMNS FROM `dh_huafei` [ RunTime:0.002178s ]
SQL: SELECT * FROM `dh_huafei` ORDER BY id desc  [ RunTime:0.000379s ]
INFO: [ view_parse ] --START--
NOTIC: [8] Undefined index: username E:\Program Files\wamp\www\App\Runtime\Cache\Index\9b9906071abebd0dd5debbf8bb94eaca.php 第 19 行.
INFO: ParseTemplate Behavior ::run [ RunTime:0.010592s ]
INFO: [ view_parse ] --END-- [ RunTime:0.010699s ]
INFO: [ view_filter ] --START--
INFO: ContentReplace Behavior ::run [ RunTime:0.000426s ]
INFO: TokenBuild Behavior ::run [ RunTime:0.000435s ]
INFO: WriteHtmlCache Behavior ::run [ RunTime:0.000286s ]
INFO: ShowRuntime Behavior ::run [ RunTime:0.000465s ]
INFO: [ view_filter ] --END-- [ RunTime:0.001865s ]
INFO: [ view_end ] --START--
INFO: ShowPageTrace Behavior ::run [ RunTime:0.000523s ]
INFO: [ view_end ] --END-- [ RunTime:0.000611s ]

