[ 2014-12-02T22:15:36+08:00 ] 127.0.0.1 /
INFO: [ app_begin ] --START--
INFO: ReadHtmlCache Behavior ::run [ RunTime:0.000708s ]
INFO: [ app_begin ] --END-- [ RunTime:0.000828s ]
SQL: SHOW COLUMNS FROM `dh_category` [ RunTime:0.002214s ]
ERR: 1146:Table 'dianhua.dh_category' doesn't exist
 [ SQL语句 ] : SHOW COLUMNS FROM `dh_category`
SQL: SELECT * FROM `dh_category` WHERE ( isverify=1 and isshow=1 ) LIMIT 5   [ RunTime:0.000263s ]
ERR: 1146:Table 'dianhua.dh_category' doesn't exist
 [ SQL语句 ] : SELECT * FROM `dh_category` WHERE ( isverify=1 and isshow=1 ) LIMIT 5  
SQL: SHOW COLUMNS FROM `dh_huafei` [ RunTime:1.323981s ]
SQL: SELECT * FROM `dh_huafei` WHERE ( yys='移动' ) ORDER BY id desc  [ RunTime:0.001718s ]
SQL: SELECT * FROM `dh_huafei` WHERE ( yys='联通' ) ORDER BY id desc  [ RunTime:0.000566s ]
SQL: SELECT * FROM `dh_huafei` WHERE ( yys='电信' ) ORDER BY id desc  [ RunTime:0.000500s ]
INFO: [ view_parse ] --START--
NOTIC: [8] Undefined index: username D:\wamp\www\App\Runtime\Cache\Index\35df0d61bb9b2cf03f64104eb4a2e1e8.php 第 28 行.
INFO: ParseTemplate Behavior ::run [ RunTime:0.017298s ]
INFO: [ view_parse ] --END-- [ RunTime:0.017416s ]
INFO: [ view_filter ] --START--
INFO: ContentReplace Behavior ::run [ RunTime:0.000584s ]
INFO: TokenBuild Behavior ::run [ RunTime:0.000530s ]
INFO: WriteHtmlCache Behavior ::run [ RunTime:0.000344s ]
INFO: ShowRuntime Behavior ::run [ RunTime:0.000542s ]
INFO: [ view_filter ] --END-- [ RunTime:0.002268s ]
INFO: [ view_end ] --START--
INFO: ShowPageTrace Behavior ::run [ RunTime:0.000625s ]
INFO: [ view_end ] --END-- [ RunTime:0.000711s ]

[ 2014-12-02T22:15:46+08:00 ] 127.0.0.1 /index.php/index/index/chaxun.html
INFO: [ route_check ] --START--
INFO: CheckRoute Behavior ::run [ RunTime:0.000826s ]
INFO: [ route_check ] --END-- [ RunTime:0.000939s ]
INFO: [ app_begin ] --START--
INFO: ReadHtmlCache Behavior ::run [ RunTime:0.000723s ]
INFO: [ app_begin ] --END-- [ RunTime:0.000846s ]
SQL: SHOW COLUMNS FROM `dh_category` [ RunTime:0.002779s ]
ERR: 1146:Table 'dianhua.dh_category' doesn't exist
 [ SQL语句 ] : SHOW COLUMNS FROM `dh_category`
SQL: SELECT * FROM `dh_category` WHERE ( isverify=1 and isshow=1 ) LIMIT 5   [ RunTime:0.000316s ]
ERR: 1146:Table 'dianhua.dh_category' doesn't exist
 [ SQL语句 ] : SELECT * FROM `dh_category` WHERE ( isverify=1 and isshow=1 ) LIMIT 5  
SQL: SHOW COLUMNS FROM `dh_huafei` [ RunTime:0.002837s ]
SQL: SELECT * FROM `dh_huafei` ORDER BY id desc  [ RunTime:0.000576s ]
INFO: [ view_parse ] --START--
NOTIC: [8] Undefined index: username D:\wamp\www\App\Runtime\Cache\Index\9b9906071abebd0dd5debbf8bb94eaca.php 第 19 行.
INFO: ParseTemplate Behavior ::run [ RunTime:0.079213s ]
INFO: [ view_parse ] --END-- [ RunTime:0.079333s ]
INFO: [ view_filter ] --START--
INFO: ContentReplace Behavior ::run [ RunTime:0.000522s ]
INFO: TokenBuild Behavior ::run [ RunTime:0.000465s ]
INFO: WriteHtmlCache Behavior ::run [ RunTime:0.000440s ]
INFO: ShowRuntime Behavior ::run [ RunTime:0.000601s ]
INFO: [ view_filter ] --END-- [ RunTime:0.002341s ]
INFO: [ view_end ] --START--
INFO: ShowPageTrace Behavior ::run [ RunTime:0.000709s ]
INFO: [ view_end ] --END-- [ RunTime:0.000835s ]

[ 2014-12-02T22:15:54+08:00 ] 127.0.0.1 /index.php/index/login
INFO: [ route_check ] --START--
INFO: CheckRoute Behavior ::run [ RunTime:0.000798s ]
INFO: [ route_check ] --END-- [ RunTime:0.000907s ]
INFO: [ app_begin ] --START--
INFO: ReadHtmlCache Behavior ::run [ RunTime:0.000631s ]
INFO: [ app_begin ] --END-- [ RunTime:0.000740s ]
INFO: [ view_parse ] --START--
INFO: ParseTemplate Behavior ::run [ RunTime:0.009483s ]
INFO: [ view_parse ] --END-- [ RunTime:0.009605s ]
INFO: [ view_filter ] --START--
INFO: ContentReplace Behavior ::run [ RunTime:0.000598s ]
INFO: TokenBuild Behavior ::run [ RunTime:0.000469s ]
INFO: WriteHtmlCache Behavior ::run [ RunTime:0.000350s ]
INFO: ShowRuntime Behavior ::run [ RunTime:0.000536s ]
INFO: [ view_filter ] --END-- [ RunTime:0.002230s ]
INFO: [ view_end ] --START--
INFO: ShowPageTrace Behavior ::run [ RunTime:0.000711s ]
INFO: [ view_end ] --END-- [ RunTime:0.000818s ]

[ 2014-12-02T22:16:04+08:00 ] 127.0.0.1 /index.php/index/login/checkreg.html
INFO: [ route_check ] --START--
INFO: CheckRoute Behavior ::run [ RunTime:0.000930s ]
INFO: [ route_check ] --END-- [ RunTime:0.001059s ]
INFO: [ app_begin ] --START--
INFO: ReadHtmlCache Behavior ::run [ RunTime:0.000675s ]
INFO: [ app_begin ] --END-- [ RunTime:0.000798s ]
INFO: [ view_parse ] --START--
INFO: ParseTemplate Behavior ::run [ RunTime:0.008665s ]
INFO: [ view_parse ] --END-- [ RunTime:0.008786s ]
INFO: [ view_filter ] --START--
INFO: ContentReplace Behavior ::run [ RunTime:0.000603s ]
INFO: TokenBuild Behavior ::run [ RunTime:0.000724s ]
INFO: WriteHtmlCache Behavior ::run [ RunTime:0.000610s ]
INFO: ShowRuntime Behavior ::run [ RunTime:0.000887s ]
INFO: [ view_filter ] --END-- [ RunTime:0.003251s ]
INFO: [ view_end ] --START--
INFO: ShowPageTrace Behavior ::run [ RunTime:0.000637s ]
INFO: [ view_end ] --END-- [ RunTime:0.000748s ]

[ 2014-12-02T22:16:04+08:00 ] 127.0.0.1 /index.php/index/login/js/jquery-1.11.1.min.js
INFO: [ route_check ] --START--
INFO: CheckRoute Behavior ::run [ RunTime:0.001919s ]
INFO: [ route_check ] --END-- [ RunTime:0.002157s ]
INFO: [ app_begin ] --START--
INFO: ReadHtmlCache Behavior ::run [ RunTime:0.000970s ]
INFO: [ app_begin ] --END-- [ RunTime:0.001246s ]

[ 2014-12-02T22:16:04+08:00 ] 127.0.0.1 /index.php/index/login/js/bootstrap.min.js
INFO: [ route_check ] --START--
INFO: CheckRoute Behavior ::run [ RunTime:0.001438s ]
INFO: [ route_check ] --END-- [ RunTime:0.001664s ]
INFO: [ app_begin ] --START--
INFO: ReadHtmlCache Behavior ::run [ RunTime:0.001794s ]
INFO: [ app_begin ] --END-- [ RunTime:0.001983s ]

[ 2014-12-02T22:16:04+08:00 ] 127.0.0.1 /index.php/index/index/index.html
INFO: [ route_check ] --START--
INFO: CheckRoute Behavior ::run [ RunTime:0.000674s ]
INFO: [ route_check ] --END-- [ RunTime:0.000797s ]
INFO: [ app_begin ] --START--
INFO: ReadHtmlCache Behavior ::run [ RunTime:0.000543s ]
INFO: [ app_begin ] --END-- [ RunTime:0.000651s ]
SQL: SHOW COLUMNS FROM `dh_category` [ RunTime:0.002760s ]
ERR: 1146:Table 'dianhua.dh_category' doesn't exist
 [ SQL语句 ] : SHOW COLUMNS FROM `dh_category`
SQL: SELECT * FROM `dh_category` WHERE ( isverify=1 and isshow=1 ) LIMIT 5   [ RunTime:0.000290s ]
ERR: 1146:Table 'dianhua.dh_category' doesn't exist
 [ SQL语句 ] : SELECT * FROM `dh_category` WHERE ( isverify=1 and isshow=1 ) LIMIT 5  
SQL: SHOW COLUMNS FROM `dh_huafei` [ RunTime:0.003365s ]
SQL: SELECT * FROM `dh_huafei` WHERE ( yys='移动' ) ORDER BY id desc  [ RunTime:0.000332s ]
SQL: SELECT * FROM `dh_huafei` WHERE ( yys='联通' ) ORDER BY id desc  [ RunTime:0.000263s ]
SQL: SELECT * FROM `dh_huafei` WHERE ( yys='电信' ) ORDER BY id desc  [ RunTime:0.000215s ]
INFO: [ view_parse ] --START--
NOTIC: [8] Undefined index: username D:\wamp\www\App\Runtime\Cache\Index\35df0d61bb9b2cf03f64104eb4a2e1e8.php 第 28 行.
INFO: ParseTemplate Behavior ::run [ RunTime:0.019466s ]
INFO: [ view_parse ] --END-- [ RunTime:0.019584s ]
INFO: [ view_filter ] --START--
INFO: ContentReplace Behavior ::run [ RunTime:0.000771s ]
INFO: TokenBuild Behavior ::run [ RunTime:0.000712s ]
INFO: WriteHtmlCache Behavior ::run [ RunTime:0.000371s ]
INFO: ShowRuntime Behavior ::run [ RunTime:0.000802s ]
INFO: [ view_filter ] --END-- [ RunTime:0.003035s ]
INFO: [ view_end ] --START--
INFO: ShowPageTrace Behavior ::run [ RunTime:0.001020s ]
INFO: [ view_end ] --END-- [ RunTime:0.001225s ]

[ 2014-12-02T22:16:04+08:00 ] 127.0.0.1 /index.php/index/index/index.html
INFO: [ route_check ] --START--
INFO: CheckRoute Behavior ::run [ RunTime:0.000952s ]
INFO: [ route_check ] --END-- [ RunTime:0.001136s ]
INFO: [ app_begin ] --START--
INFO: ReadHtmlCache Behavior ::run [ RunTime:0.000738s ]
INFO: [ app_begin ] --END-- [ RunTime:0.000905s ]
SQL: SHOW COLUMNS FROM `dh_category` [ RunTime:0.002511s ]
ERR: 1146:Table 'dianhua.dh_category' doesn't exist
 [ SQL语句 ] : SHOW COLUMNS FROM `dh_category`
SQL: SELECT * FROM `dh_category` WHERE ( isverify=1 and isshow=1 ) LIMIT 5   [ RunTime:0.000383s ]
ERR: 1146:Table 'dianhua.dh_category' doesn't exist
 [ SQL语句 ] : SELECT * FROM `dh_category` WHERE ( isverify=1 and isshow=1 ) LIMIT 5  
SQL: SHOW COLUMNS FROM `dh_huafei` [ RunTime:0.003557s ]
SQL: SELECT * FROM `dh_huafei` WHERE ( yys='移动' ) ORDER BY id desc  [ RunTime:0.000349s ]
SQL: SELECT * FROM `dh_huafei` WHERE ( yys='联通' ) ORDER BY id desc  [ RunTime:0.000216s ]
SQL: SELECT * FROM `dh_huafei` WHERE ( yys='电信' ) ORDER BY id desc  [ RunTime:0.000191s ]
INFO: [ view_parse ] --START--
NOTIC: [8] Undefined index: username D:\wamp\www\App\Runtime\Cache\Index\35df0d61bb9b2cf03f64104eb4a2e1e8.php 第 28 行.
INFO: ParseTemplate Behavior ::run [ RunTime:0.016630s ]
INFO: [ view_parse ] --END-- [ RunTime:0.016744s ]
INFO: [ view_filter ] --START--
INFO: ContentReplace Behavior ::run [ RunTime:0.000528s ]
INFO: TokenBuild Behavior ::run [ RunTime:0.000463s ]
INFO: WriteHtmlCache Behavior ::run [ RunTime:0.000328s ]
INFO: ShowRuntime Behavior ::run [ RunTime:0.000536s ]
INFO: [ view_filter ] --END-- [ RunTime:0.002112s ]
INFO: [ view_end ] --START--
INFO: ShowPageTrace Behavior ::run [ RunTime:0.000589s ]
INFO: [ view_end ] --END-- [ RunTime:0.000684s ]

[ 2014-12-02T22:17:08+08:00 ] 127.0.0.1 /
INFO: [ app_begin ] --START--
INFO: ReadHtmlCache Behavior ::run [ RunTime:0.000463s ]
INFO: [ app_begin ] --END-- [ RunTime:0.000603s ]
SQL: SHOW COLUMNS FROM `dh_category` [ RunTime:0.002211s ]
ERR: 1146:Table 'dianhua.dh_category' doesn't exist
 [ SQL语句 ] : SHOW COLUMNS FROM `dh_category`
SQL: SELECT * FROM `dh_category` WHERE ( isverify=1 and isshow=1 ) LIMIT 5   [ RunTime:0.000290s ]
ERR: 1146:Table 'dianhua.dh_category' doesn't exist
 [ SQL语句 ] : SELECT * FROM `dh_category` WHERE ( isverify=1 and isshow=1 ) LIMIT 5  
SQL: SHOW COLUMNS FROM `dh_huafei` [ RunTime:0.003181s ]
SQL: SELECT * FROM `dh_huafei` WHERE ( yys='移动' ) ORDER BY id desc  [ RunTime:0.000346s ]
SQL: SELECT * FROM `dh_huafei` WHERE ( yys='联通' ) ORDER BY id desc  [ RunTime:0.000263s ]
SQL: SELECT * FROM `dh_huafei` WHERE ( yys='电信' ) ORDER BY id desc  [ RunTime:0.000229s ]
INFO: [ view_parse ] --START--
NOTIC: [8] Undefined index: username D:\wamp\www\App\Runtime\Cache\Index\35df0d61bb9b2cf03f64104eb4a2e1e8.php 第 28 行.
INFO: ParseTemplate Behavior ::run [ RunTime:0.019719s ]
INFO: [ view_parse ] --END-- [ RunTime:0.019894s ]
INFO: [ view_filter ] --START--
INFO: ContentReplace Behavior ::run [ RunTime:0.000602s ]
INFO: TokenBuild Behavior ::run [ RunTime:0.000392s ]
INFO: WriteHtmlCache Behavior ::run [ RunTime:0.000262s ]
INFO: ShowRuntime Behavior ::run [ RunTime:0.000472s ]
INFO: [ view_filter ] --END-- [ RunTime:0.002034s ]
INFO: [ view_end ] --START--
INFO: ShowPageTrace Behavior ::run [ RunTime:0.000510s ]
INFO: [ view_end ] --END-- [ RunTime:0.000608s ]

[ 2014-12-02T22:17:16+08:00 ] 127.0.0.1 /index.php/index/login
INFO: [ route_check ] --START--
INFO: CheckRoute Behavior ::run [ RunTime:0.000901s ]
INFO: [ route_check ] --END-- [ RunTime:0.001048s ]
INFO: [ app_begin ] --START--
INFO: ReadHtmlCache Behavior ::run [ RunTime:0.000689s ]
INFO: [ app_begin ] --END-- [ RunTime:0.000817s ]
INFO: [ view_parse ] --START--
INFO: ParseTemplate Behavior ::run [ RunTime:0.008231s ]
INFO: [ view_parse ] --END-- [ RunTime:0.008376s ]
INFO: [ view_filter ] --START--
INFO: ContentReplace Behavior ::run [ RunTime:0.000425s ]
INFO: TokenBuild Behavior ::run [ RunTime:0.000376s ]
INFO: WriteHtmlCache Behavior ::run [ RunTime:0.000260s ]
INFO: ShowRuntime Behavior ::run [ RunTime:0.000531s ]
INFO: [ view_filter ] --END-- [ RunTime:0.001864s ]
INFO: [ view_end ] --START--
INFO: ShowPageTrace Behavior ::run [ RunTime:0.000784s ]
INFO: [ view_end ] --END-- [ RunTime:0.000953s ]

[ 2014-12-02T22:17:32+08:00 ] 127.0.0.1 /
INFO: [ app_begin ] --START--
INFO: ReadHtmlCache Behavior ::run [ RunTime:0.000480s ]
INFO: [ app_begin ] --END-- [ RunTime:0.000591s ]
SQL: SHOW COLUMNS FROM `dh_category` [ RunTime:0.002253s ]
ERR: 1146:Table 'dianhua.dh_category' doesn't exist
 [ SQL语句 ] : SHOW COLUMNS FROM `dh_category`
SQL: SELECT * FROM `dh_category` WHERE ( isverify=1 and isshow=1 ) LIMIT 5   [ RunTime:0.000273s ]
ERR: 1146:Table 'dianhua.dh_category' doesn't exist
 [ SQL语句 ] : SELECT * FROM `dh_category` WHERE ( isverify=1 and isshow=1 ) LIMIT 5  
SQL: SHOW COLUMNS FROM `dh_huafei` [ RunTime:0.002813s ]
SQL: SELECT * FROM `dh_huafei` WHERE ( yys='移动' ) ORDER BY id desc  [ RunTime:0.000341s ]
SQL: SELECT * FROM `dh_huafei` WHERE ( yys='联通' ) ORDER BY id desc  [ RunTime:0.000280s ]
SQL: SELECT * FROM `dh_huafei` WHERE ( yys='电信' ) ORDER BY id desc  [ RunTime:0.000230s ]
INFO: [ view_parse ] --START--
NOTIC: [8] Undefined index: username D:\wamp\www\App\Runtime\Cache\Index\35df0d61bb9b2cf03f64104eb4a2e1e8.php 第 27 行.
INFO: ParseTemplate Behavior ::run [ RunTime:0.016014s ]
INFO: [ view_parse ] --END-- [ RunTime:0.016137s ]
INFO: [ view_filter ] --START--
INFO: ContentReplace Behavior ::run [ RunTime:0.000500s ]
INFO: TokenBuild Behavior ::run [ RunTime:0.000444s ]
INFO: WriteHtmlCache Behavior ::run [ RunTime:0.000309s ]
INFO: ShowRuntime Behavior ::run [ RunTime:0.000506s ]
INFO: [ view_filter ] --END-- [ RunTime:0.002092s ]
INFO: [ view_end ] --START--
INFO: ShowPageTrace Behavior ::run [ RunTime:0.000632s ]
INFO: [ view_end ] --END-- [ RunTime:0.000738s ]

[ 2014-12-02T22:17:48+08:00 ] 127.0.0.1 /index.php/index/login
INFO: [ route_check ] --START--
INFO: CheckRoute Behavior ::run [ RunTime:0.001257s ]
INFO: [ route_check ] --END-- [ RunTime:0.001372s ]
INFO: [ app_begin ] --START--
INFO: ReadHtmlCache Behavior ::run [ RunTime:0.000587s ]
INFO: [ app_begin ] --END-- [ RunTime:0.000701s ]
INFO: [ view_parse ] --START--
INFO: ParseTemplate Behavior ::run [ RunTime:0.010309s ]
INFO: [ view_parse ] --END-- [ RunTime:0.010459s ]
INFO: [ view_filter ] --START--
INFO: ContentReplace Behavior ::run [ RunTime:0.000721s ]
INFO: TokenBuild Behavior ::run [ RunTime:0.000582s ]
INFO: WriteHtmlCache Behavior ::run [ RunTime:0.000469s ]
INFO: ShowRuntime Behavior ::run [ RunTime:0.000831s ]
INFO: [ view_filter ] --END-- [ RunTime:0.003047s ]
INFO: [ view_end ] --START--
INFO: ShowPageTrace Behavior ::run [ RunTime:0.001011s ]
INFO: [ view_end ] --END-- [ RunTime:0.001188s ]

