[ 2014-11-22T08:07:32+08:00 ] 0.0.0.0 /
INFO: [ app_begin ] --START--
INFO: ReadHtmlCache Behavior ::run [ RunTime:0.002449s ]
INFO: [ app_begin ] --END-- [ RunTime:0.013571s ]
SQL: SHOW COLUMNS FROM `dh_category` [ RunTime:0.010725s ]
ERR: 1146:Table 'dianhua.dh_category' doesn't exist
 [ SQL语句 ] : SHOW COLUMNS FROM `dh_category`
SQL: SELECT * FROM `dh_category` WHERE ( isverify=1 and isshow=1 ) LIMIT 5   [ RunTime:0.001263s ]
ERR: 1146:Table 'dianhua.dh_category' doesn't exist
 [ SQL语句 ] : SELECT * FROM `dh_category` WHERE ( isverify=1 and isshow=1 ) LIMIT 5  
SQL: SHOW COLUMNS FROM `dh_huafei` [ RunTime:0.015804s ]
SQL: SELECT * FROM `dh_huafei` WHERE ( yys='移动' ) ORDER BY id desc  [ RunTime:0.000430s ]
SQL: SELECT * FROM `dh_huafei` WHERE ( yys='联通' ) ORDER BY id desc  [ RunTime:0.000331s ]
SQL: SELECT * FROM `dh_huafei` WHERE ( yys='电信' ) ORDER BY id desc  [ RunTime:0.000335s ]
INFO: [ view_parse ] --START--
NOTIC: [8] Undefined index: username E:\Program Files\wamp\www\App\Runtime\Cache\Index\35df0d61bb9b2cf03f64104eb4a2e1e8.php 第 19 行.
INFO: ParseTemplate Behavior ::run [ RunTime:0.089217s ]
INFO: [ view_parse ] --END-- [ RunTime:0.089344s ]
INFO: [ view_filter ] --START--
INFO: ContentReplace Behavior ::run [ RunTime:0.012850s ]
INFO: TokenBuild Behavior ::run [ RunTime:0.000824s ]
INFO: WriteHtmlCache Behavior ::run [ RunTime:0.000471s ]
INFO: ShowRuntime Behavior ::run [ RunTime:0.001117s ]
INFO: [ view_filter ] --END-- [ RunTime:0.015571s ]
INFO: [ view_end ] --START--
INFO: ShowPageTrace Behavior ::run [ RunTime:0.001185s ]
INFO: [ view_end ] --END-- [ RunTime:0.001274s ]

[ 2014-11-22T08:07:59+08:00 ] 0.0.0.0 /index.php/index/index/chaxun.html
INFO: [ route_check ] --START--
INFO: CheckRoute Behavior ::run [ RunTime:0.003153s ]
INFO: [ route_check ] --END-- [ RunTime:0.003341s ]
INFO: [ app_begin ] --START--
INFO: ReadHtmlCache Behavior ::run [ RunTime:0.000579s ]
INFO: [ app_begin ] --END-- [ RunTime:0.000748s ]
SQL: SHOW COLUMNS FROM `dh_category` [ RunTime:0.001973s ]
ERR: 1146:Table 'dianhua.dh_category' doesn't exist
 [ SQL语句 ] : SHOW COLUMNS FROM `dh_category`
SQL: SELECT * FROM `dh_category` WHERE ( isverify=1 and isshow=1 ) LIMIT 5   [ RunTime:0.000304s ]
ERR: 1146:Table 'dianhua.dh_category' doesn't exist
 [ SQL语句 ] : SELECT * FROM `dh_category` WHERE ( isverify=1 and isshow=1 ) LIMIT 5  
SQL: SHOW COLUMNS FROM `dh_huafei` [ RunTime:0.002133s ]
SQL: SELECT * FROM `dh_huafei` ORDER BY id desc  [ RunTime:0.000419s ]
INFO: [ view_parse ] --START--
NOTIC: [8] Undefined index: username E:\Program Files\wamp\www\App\Runtime\Cache\Index\9b9906071abebd0dd5debbf8bb94eaca.php 第 19 行.
INFO: ParseTemplate Behavior ::run [ RunTime:0.019483s ]
INFO: [ view_parse ] --END-- [ RunTime:0.019597s ]
INFO: [ view_filter ] --START--
INFO: ContentReplace Behavior ::run [ RunTime:0.000620s ]
INFO: TokenBuild Behavior ::run [ RunTime:0.000583s ]
INFO: WriteHtmlCache Behavior ::run [ RunTime:0.000468s ]
INFO: ShowRuntime Behavior ::run [ RunTime:0.000721s ]
INFO: [ view_filter ] --END-- [ RunTime:0.002646s ]
INFO: [ view_end ] --START--
INFO: ShowPageTrace Behavior ::run [ RunTime:0.000717s ]
INFO: [ view_end ] --END-- [ RunTime:0.000804s ]

[ 2014-11-22T08:16:28+08:00 ] 0.0.0.0 /index.php/index/index/chaxun.html
INFO: [ route_check ] --START--
INFO: CheckRoute Behavior ::run [ RunTime:0.000842s ]
INFO: [ route_check ] --END-- [ RunTime:0.000959s ]
INFO: [ app_begin ] --START--
INFO: ReadHtmlCache Behavior ::run [ RunTime:0.000537s ]
INFO: [ app_begin ] --END-- [ RunTime:0.000635s ]
SQL: SHOW COLUMNS FROM `dh_category` [ RunTime:0.001988s ]
ERR: 1146:Table 'dianhua.dh_category' doesn't exist
 [ SQL语句 ] : SHOW COLUMNS FROM `dh_category`
SQL: SELECT * FROM `dh_category` WHERE ( isverify=1 and isshow=1 ) LIMIT 5   [ RunTime:0.000316s ]
ERR: 1146:Table 'dianhua.dh_category' doesn't exist
 [ SQL语句 ] : SELECT * FROM `dh_category` WHERE ( isverify=1 and isshow=1 ) LIMIT 5  
SQL: SHOW COLUMNS FROM `dh_huafei` [ RunTime:0.002483s ]
SQL: SELECT * FROM `dh_huafei` ORDER BY id desc  [ RunTime:0.000508s ]
INFO: [ view_parse ] --START--
NOTIC: [8] Undefined index: username E:\Program Files\wamp\www\App\Runtime\Cache\Index\9b9906071abebd0dd5debbf8bb94eaca.php 第 19 行.
INFO: ParseTemplate Behavior ::run [ RunTime:0.012518s ]
INFO: [ view_parse ] --END-- [ RunTime:0.012620s ]
INFO: [ view_filter ] --START--
INFO: ContentReplace Behavior ::run [ RunTime:0.000735s ]
INFO: TokenBuild Behavior ::run [ RunTime:0.000724s ]
INFO: WriteHtmlCache Behavior ::run [ RunTime:0.000479s ]
INFO: ShowRuntime Behavior ::run [ RunTime:0.000728s ]
INFO: [ view_filter ] --END-- [ RunTime:0.002907s ]
INFO: [ view_end ] --START--
INFO: ShowPageTrace Behavior ::run [ RunTime:0.000738s ]
INFO: [ view_end ] --END-- [ RunTime:0.000863s ]

[ 2014-11-22T08:17:34+08:00 ] 0.0.0.0 /pt
INFO: [ route_check ] --START--
INFO: CheckRoute Behavior ::run [ RunTime:0.000826s ]
INFO: [ route_check ] --END-- [ RunTime:0.000945s ]
INFO: [ app_begin ] --START--
INFO: ReadHtmlCache Behavior ::run [ RunTime:0.000497s ]
INFO: [ app_begin ] --END-- [ RunTime:0.000587s ]
NOTIC: [2] strpos() [<a href='function.strpos'>function.strpos</a>]: Empty delimiter E:\Program Files\wamp\www\App\Modules\Index\Action\EmptyAction.class.php 第 16 行.
SQL: SHOW COLUMNS FROM `dh_router` [ RunTime:0.002058s ]
ERR: 1146:Table 'dianhua.dh_router' doesn't exist
 [ SQL语句 ] : SHOW COLUMNS FROM `dh_router`
SQL: SELECT `url` FROM `dh_router` WHERE ( `rewrite` = 'pt' ) LIMIT 1   [ RunTime:0.000424s ]
ERR: 1146:Table 'dianhua.dh_router' doesn't exist
 [ SQL语句 ] : SELECT `url` FROM `dh_router` WHERE ( `rewrite` = 'pt' ) LIMIT 1  

[ 2014-11-22T08:17:34+08:00 ] 0.0.0.0 /index.php/index/index.html
INFO: [ route_check ] --START--
INFO: CheckRoute Behavior ::run [ RunTime:0.000749s ]
INFO: [ route_check ] --END-- [ RunTime:0.000854s ]
INFO: [ app_begin ] --START--
INFO: ReadHtmlCache Behavior ::run [ RunTime:0.000496s ]
INFO: [ app_begin ] --END-- [ RunTime:0.000586s ]
SQL: SHOW COLUMNS FROM `dh_category` [ RunTime:0.001887s ]
ERR: 1146:Table 'dianhua.dh_category' doesn't exist
 [ SQL语句 ] : SHOW COLUMNS FROM `dh_category`
SQL: SELECT * FROM `dh_category` WHERE ( isverify=1 and isshow=1 ) LIMIT 5   [ RunTime:0.000319s ]
ERR: 1146:Table 'dianhua.dh_category' doesn't exist
 [ SQL语句 ] : SELECT * FROM `dh_category` WHERE ( isverify=1 and isshow=1 ) LIMIT 5  
SQL: SHOW COLUMNS FROM `dh_huafei` [ RunTime:0.002203s ]
SQL: SELECT * FROM `dh_huafei` WHERE ( yys='移动' ) ORDER BY id desc  [ RunTime:0.000412s ]
SQL: SELECT * FROM `dh_huafei` WHERE ( yys='联通' ) ORDER BY id desc  [ RunTime:0.000318s ]
SQL: SELECT * FROM `dh_huafei` WHERE ( yys='电信' ) ORDER BY id desc  [ RunTime:0.000350s ]
INFO: [ view_parse ] --START--
NOTIC: [8] Undefined index: username E:\Program Files\wamp\www\App\Runtime\Cache\Index\35df0d61bb9b2cf03f64104eb4a2e1e8.php 第 19 行.
INFO: ParseTemplate Behavior ::run [ RunTime:0.015527s ]
INFO: [ view_parse ] --END-- [ RunTime:0.015673s ]
INFO: [ view_filter ] --START--
INFO: ContentReplace Behavior ::run [ RunTime:0.000437s ]
INFO: TokenBuild Behavior ::run [ RunTime:0.000403s ]
INFO: WriteHtmlCache Behavior ::run [ RunTime:0.000284s ]
INFO: ShowRuntime Behavior ::run [ RunTime:0.000464s ]
INFO: [ view_filter ] --END-- [ RunTime:0.001823s ]
INFO: [ view_end ] --START--
INFO: ShowPageTrace Behavior ::run [ RunTime:0.000522s ]
INFO: [ view_end ] --END-- [ RunTime:0.000605s ]

[ 2014-11-22T08:18:00+08:00 ] 0.0.0.0 /index.php/index/index/chaxun.html
INFO: [ route_check ] --START--
INFO: CheckRoute Behavior ::run [ RunTime:0.000833s ]
INFO: [ route_check ] --END-- [ RunTime:0.000952s ]
INFO: [ app_begin ] --START--
INFO: ReadHtmlCache Behavior ::run [ RunTime:0.000556s ]
INFO: [ app_begin ] --END-- [ RunTime:0.000650s ]
SQL: SHOW COLUMNS FROM `dh_category` [ RunTime:0.001926s ]
ERR: 1146:Table 'dianhua.dh_category' doesn't exist
 [ SQL语句 ] : SHOW COLUMNS FROM `dh_category`
SQL: SELECT * FROM `dh_category` WHERE ( isverify=1 and isshow=1 ) LIMIT 5   [ RunTime:0.000306s ]
ERR: 1146:Table 'dianhua.dh_category' doesn't exist
 [ SQL语句 ] : SELECT * FROM `dh_category` WHERE ( isverify=1 and isshow=1 ) LIMIT 5  
SQL: SHOW COLUMNS FROM `dh_huafei` [ RunTime:0.002669s ]
SQL: SELECT * FROM `dh_huafei` ORDER BY id desc  [ RunTime:0.000461s ]
INFO: [ view_parse ] --START--
NOTIC: [8] Undefined index: username E:\Program Files\wamp\www\App\Runtime\Cache\Index\9b9906071abebd0dd5debbf8bb94eaca.php 第 19 行.
INFO: ParseTemplate Behavior ::run [ RunTime:0.012244s ]
INFO: [ view_parse ] --END-- [ RunTime:0.012389s ]
INFO: [ view_filter ] --START--
INFO: ContentReplace Behavior ::run [ RunTime:0.000639s ]
INFO: TokenBuild Behavior ::run [ RunTime:0.000607s ]
INFO: WriteHtmlCache Behavior ::run [ RunTime:0.000478s ]
INFO: ShowRuntime Behavior ::run [ RunTime:0.000719s ]
INFO: [ view_filter ] --END-- [ RunTime:0.002711s ]
INFO: [ view_end ] --START--
INFO: ShowPageTrace Behavior ::run [ RunTime:0.000760s ]
INFO: [ view_end ] --END-- [ RunTime:0.000846s ]

[ 2014-11-22T08:27:15+08:00 ] 0.0.0.0 /index.php/index/index.html
INFO: [ route_check ] --START--
INFO: CheckRoute Behavior ::run [ RunTime:0.000720s ]
INFO: [ route_check ] --END-- [ RunTime:0.000882s ]
INFO: [ app_begin ] --START--
INFO: ReadHtmlCache Behavior ::run [ RunTime:0.000493s ]
INFO: [ app_begin ] --END-- [ RunTime:0.000584s ]
SQL: SHOW COLUMNS FROM `dh_category` [ RunTime:0.001984s ]
ERR: 1146:Table 'dianhua.dh_category' doesn't exist
 [ SQL语句 ] : SHOW COLUMNS FROM `dh_category`
SQL: SELECT * FROM `dh_category` WHERE ( isverify=1 and isshow=1 ) LIMIT 5   [ RunTime:0.000293s ]
ERR: 1146:Table 'dianhua.dh_category' doesn't exist
 [ SQL语句 ] : SELECT * FROM `dh_category` WHERE ( isverify=1 and isshow=1 ) LIMIT 5  
SQL: SHOW COLUMNS FROM `dh_huafei` [ RunTime:0.002152s ]
SQL: SELECT * FROM `dh_huafei` WHERE ( yys='移动' ) ORDER BY id desc  [ RunTime:0.000424s ]
SQL: SELECT * FROM `dh_huafei` WHERE ( yys='联通' ) ORDER BY id desc  [ RunTime:0.000377s ]
SQL: SELECT * FROM `dh_huafei` WHERE ( yys='电信' ) ORDER BY id desc  [ RunTime:0.000289s ]
INFO: [ view_parse ] --START--
NOTIC: [8] Undefined index: username E:\Program Files\wamp\www\App\Runtime\Cache\Index\35df0d61bb9b2cf03f64104eb4a2e1e8.php 第 19 行.
INFO: ParseTemplate Behavior ::run [ RunTime:0.013927s ]
INFO: [ view_parse ] --END-- [ RunTime:0.014031s ]
INFO: [ view_filter ] --START--
INFO: ContentReplace Behavior ::run [ RunTime:0.000452s ]
INFO: TokenBuild Behavior ::run [ RunTime:0.000413s ]
INFO: WriteHtmlCache Behavior ::run [ RunTime:0.000293s ]
INFO: ShowRuntime Behavior ::run [ RunTime:0.000475s ]
INFO: [ view_filter ] --END-- [ RunTime:0.001873s ]
INFO: [ view_end ] --START--
INFO: ShowPageTrace Behavior ::run [ RunTime:0.000526s ]
INFO: [ view_end ] --END-- [ RunTime:0.000610s ]

[ 2014-11-22T08:27:39+08:00 ] 0.0.0.0 /index.php/index/index.html
INFO: [ route_check ] --START--
INFO: CheckRoute Behavior ::run [ RunTime:0.001197s ]
INFO: [ route_check ] --END-- [ RunTime:0.001518s ]
INFO: [ app_begin ] --START--
INFO: ReadHtmlCache Behavior ::run [ RunTime:0.000553s ]
INFO: [ app_begin ] --END-- [ RunTime:0.000711s ]
SQL: SHOW COLUMNS FROM `dh_category` [ RunTime:0.002195s ]
ERR: 1146:Table 'dianhua.dh_category' doesn't exist
 [ SQL语句 ] : SHOW COLUMNS FROM `dh_category`
SQL: SELECT * FROM `dh_category` WHERE ( isverify=1 and isshow=1 ) LIMIT 5   [ RunTime:0.000313s ]
ERR: 1146:Table 'dianhua.dh_category' doesn't exist
 [ SQL语句 ] : SELECT * FROM `dh_category` WHERE ( isverify=1 and isshow=1 ) LIMIT 5  
SQL: SHOW COLUMNS FROM `dh_huafei` [ RunTime:0.002566s ]
SQL: SELECT * FROM `dh_huafei` WHERE ( yys='移动' ) ORDER BY id desc  [ RunTime:0.000413s ]
SQL: SELECT * FROM `dh_huafei` WHERE ( yys='联通' ) ORDER BY id desc  [ RunTime:0.000329s ]
SQL: SELECT * FROM `dh_huafei` WHERE ( yys='电信' ) ORDER BY id desc  [ RunTime:0.000306s ]
INFO: [ view_parse ] --START--
NOTIC: [8] Undefined index: username E:\Program Files\wamp\www\App\Runtime\Cache\Index\35df0d61bb9b2cf03f64104eb4a2e1e8.php 第 19 行.
INFO: ParseTemplate Behavior ::run [ RunTime:0.014420s ]
INFO: [ view_parse ] --END-- [ RunTime:0.014574s ]
INFO: [ view_filter ] --START--
INFO: ContentReplace Behavior ::run [ RunTime:0.000466s ]
INFO: TokenBuild Behavior ::run [ RunTime:0.000418s ]
INFO: WriteHtmlCache Behavior ::run [ RunTime:0.000298s ]
INFO: ShowRuntime Behavior ::run [ RunTime:0.000508s ]
INFO: [ view_filter ] --END-- [ RunTime:0.001956s ]
INFO: [ view_end ] --START--
INFO: ShowPageTrace Behavior ::run [ RunTime:0.000552s ]
INFO: [ view_end ] --END-- [ RunTime:0.000638s ]

[ 2014-11-22T08:28:34+08:00 ] 0.0.0.0 /index.php/index/index.html
INFO: [ route_check ] --START--
INFO: CheckRoute Behavior ::run [ RunTime:0.000822s ]
INFO: [ route_check ] --END-- [ RunTime:0.001037s ]
INFO: [ app_begin ] --START--
INFO: ReadHtmlCache Behavior ::run [ RunTime:0.000480s ]
INFO: [ app_begin ] --END-- [ RunTime:0.000634s ]
SQL: SHOW COLUMNS FROM `dh_category` [ RunTime:0.001883s ]
ERR: 1146:Table 'dianhua.dh_category' doesn't exist
 [ SQL语句 ] : SHOW COLUMNS FROM `dh_category`
SQL: SELECT * FROM `dh_category` WHERE ( isverify=1 and isshow=1 ) LIMIT 5   [ RunTime:0.000307s ]
ERR: 1146:Table 'dianhua.dh_category' doesn't exist
 [ SQL语句 ] : SELECT * FROM `dh_category` WHERE ( isverify=1 and isshow=1 ) LIMIT 5  
SQL: SHOW COLUMNS FROM `dh_huafei` [ RunTime:0.002313s ]
SQL: SELECT * FROM `dh_huafei` WHERE ( yys='移动' ) ORDER BY id desc  [ RunTime:0.000543s ]
SQL: SELECT * FROM `dh_huafei` WHERE ( yys='联通' ) ORDER BY id desc  [ RunTime:0.000364s ]
SQL: SELECT * FROM `dh_huafei` WHERE ( yys='电信' ) ORDER BY id desc  [ RunTime:0.000316s ]
INFO: [ view_parse ] --START--
NOTIC: [8] Undefined index: username E:\Program Files\wamp\www\App\Runtime\Cache\Index\35df0d61bb9b2cf03f64104eb4a2e1e8.php 第 19 行.
INFO: ParseTemplate Behavior ::run [ RunTime:0.013600s ]
INFO: [ view_parse ] --END-- [ RunTime:0.013701s ]
INFO: [ view_filter ] --START--
INFO: ContentReplace Behavior ::run [ RunTime:0.000442s ]
INFO: TokenBuild Behavior ::run [ RunTime:0.000414s ]
INFO: WriteHtmlCache Behavior ::run [ RunTime:0.000223s ]
INFO: ShowRuntime Behavior ::run [ RunTime:0.000413s ]
INFO: [ view_filter ] --END-- [ RunTime:0.001755s ]
INFO: [ view_end ] --START--
INFO: ShowPageTrace Behavior ::run [ RunTime:0.000466s ]
INFO: [ view_end ] --END-- [ RunTime:0.000551s ]

[ 2014-11-22T08:29:02+08:00 ] 0.0.0.0 /index.php/index/index.html
INFO: [ route_check ] --START--
INFO: CheckRoute Behavior ::run [ RunTime:0.000622s ]
INFO: [ route_check ] --END-- [ RunTime:0.000806s ]
INFO: [ app_begin ] --START--
INFO: ReadHtmlCache Behavior ::run [ RunTime:0.000587s ]
INFO: [ app_begin ] --END-- [ RunTime:0.000768s ]
SQL: SHOW COLUMNS FROM `dh_category` [ RunTime:0.001881s ]
ERR: 1146:Table 'dianhua.dh_category' doesn't exist
 [ SQL语句 ] : SHOW COLUMNS FROM `dh_category`
SQL: SELECT * FROM `dh_category` WHERE ( isverify=1 and isshow=1 ) LIMIT 5   [ RunTime:0.000520s ]
ERR: 1146:Table 'dianhua.dh_category' doesn't exist
 [ SQL语句 ] : SELECT * FROM `dh_category` WHERE ( isverify=1 and isshow=1 ) LIMIT 5  
SQL: SHOW COLUMNS FROM `dh_huafei` [ RunTime:0.002690s ]
SQL: SELECT * FROM `dh_huafei` WHERE ( yys='移动' ) ORDER BY id desc  [ RunTime:0.000408s ]
SQL: SELECT * FROM `dh_huafei` WHERE ( yys='联通' ) ORDER BY id desc  [ RunTime:0.000331s ]
SQL: SELECT * FROM `dh_huafei` WHERE ( yys='电信' ) ORDER BY id desc  [ RunTime:0.000342s ]
INFO: [ view_parse ] --START--
NOTIC: [8] Undefined index: username E:\Program Files\wamp\www\App\Runtime\Cache\Index\35df0d61bb9b2cf03f64104eb4a2e1e8.php 第 19 行.
INFO: ParseTemplate Behavior ::run [ RunTime:0.012797s ]
INFO: [ view_parse ] --END-- [ RunTime:0.012901s ]
INFO: [ view_filter ] --START--
INFO: ContentReplace Behavior ::run [ RunTime:0.000387s ]
INFO: TokenBuild Behavior ::run [ RunTime:0.000377s ]
INFO: WriteHtmlCache Behavior ::run [ RunTime:0.000222s ]
INFO: ShowRuntime Behavior ::run [ RunTime:0.000423s ]
INFO: [ view_filter ] --END-- [ RunTime:0.001694s ]
INFO: [ view_end ] --START--
INFO: ShowPageTrace Behavior ::run [ RunTime:0.000457s ]
INFO: [ view_end ] --END-- [ RunTime:0.000542s ]

[ 2014-11-22T08:29:12+08:00 ] 0.0.0.0 /index.php/index/index.html
INFO: [ route_check ] --START--
INFO: CheckRoute Behavior ::run [ RunTime:0.000772s ]
INFO: [ route_check ] --END-- [ RunTime:0.000939s ]
INFO: [ app_begin ] --START--
INFO: ReadHtmlCache Behavior ::run [ RunTime:0.000502s ]
INFO: [ app_begin ] --END-- [ RunTime:0.000633s ]
SQL: SHOW COLUMNS FROM `dh_category` [ RunTime:0.001905s ]
ERR: 1146:Table 'dianhua.dh_category' doesn't exist
 [ SQL语句 ] : SHOW COLUMNS FROM `dh_category`
SQL: SELECT * FROM `dh_category` WHERE ( isverify=1 and isshow=1 ) LIMIT 5   [ RunTime:0.000465s ]
ERR: 1146:Table 'dianhua.dh_category' doesn't exist
 [ SQL语句 ] : SELECT * FROM `dh_category` WHERE ( isverify=1 and isshow=1 ) LIMIT 5  
SQL: SHOW COLUMNS FROM `dh_huafei` [ RunTime:0.002242s ]
SQL: SELECT * FROM `dh_huafei` WHERE ( yys='移动' ) ORDER BY id desc  [ RunTime:0.000371s ]
SQL: SELECT * FROM `dh_huafei` WHERE ( yys='联通' ) ORDER BY id desc  [ RunTime:0.000336s ]
SQL: SELECT * FROM `dh_huafei` WHERE ( yys='电信' ) ORDER BY id desc  [ RunTime:0.000306s ]
INFO: [ view_parse ] --START--
NOTIC: [8] Undefined index: username E:\Program Files\wamp\www\App\Runtime\Cache\Index\35df0d61bb9b2cf03f64104eb4a2e1e8.php 第 19 行.
INFO: ParseTemplate Behavior ::run [ RunTime:0.013827s ]
INFO: [ view_parse ] --END-- [ RunTime:0.013934s ]
INFO: [ view_filter ] --START--
INFO: ContentReplace Behavior ::run [ RunTime:0.000443s ]
INFO: TokenBuild Behavior ::run [ RunTime:0.000394s ]
INFO: WriteHtmlCache Behavior ::run [ RunTime:0.000282s ]
INFO: ShowRuntime Behavior ::run [ RunTime:0.000462s ]
INFO: [ view_filter ] --END-- [ RunTime:0.001819s ]
INFO: [ view_end ] --START--
INFO: ShowPageTrace Behavior ::run [ RunTime:0.000518s ]
INFO: [ view_end ] --END-- [ RunTime:0.000602s ]

[ 2014-11-22T08:29:27+08:00 ] 0.0.0.0 /index.php/index/index.html
INFO: [ route_check ] --START--
INFO: CheckRoute Behavior ::run [ RunTime:0.000764s ]
INFO: [ route_check ] --END-- [ RunTime:0.000870s ]
INFO: [ app_begin ] --START--
INFO: ReadHtmlCache Behavior ::run [ RunTime:0.000621s ]
INFO: [ app_begin ] --END-- [ RunTime:0.000734s ]
SQL: SHOW COLUMNS FROM `dh_category` [ RunTime:0.001895s ]
ERR: 1146:Table 'dianhua.dh_category' doesn't exist
 [ SQL语句 ] : SHOW COLUMNS FROM `dh_category`
SQL: SELECT * FROM `dh_category` WHERE ( isverify=1 and isshow=1 ) LIMIT 5   [ RunTime:0.000284s ]
ERR: 1146:Table 'dianhua.dh_category' doesn't exist
 [ SQL语句 ] : SELECT * FROM `dh_category` WHERE ( isverify=1 and isshow=1 ) LIMIT 5  
SQL: SHOW COLUMNS FROM `dh_huafei` [ RunTime:0.002132s ]
SQL: SELECT * FROM `dh_huafei` WHERE ( yys='移动' ) ORDER BY id desc  [ RunTime:0.000375s ]
SQL: SELECT * FROM `dh_huafei` WHERE ( yys='联通' ) ORDER BY id desc  [ RunTime:0.000332s ]
SQL: SELECT * FROM `dh_huafei` WHERE ( yys='电信' ) ORDER BY id desc  [ RunTime:0.000311s ]
INFO: [ view_parse ] --START--
NOTIC: [8] Undefined index: username E:\Program Files\wamp\www\App\Runtime\Cache\Index\35df0d61bb9b2cf03f64104eb4a2e1e8.php 第 19 行.
INFO: ParseTemplate Behavior ::run [ RunTime:0.014643s ]
INFO: [ view_parse ] --END-- [ RunTime:0.014746s ]
INFO: [ view_filter ] --START--
INFO: ContentReplace Behavior ::run [ RunTime:0.000496s ]
INFO: TokenBuild Behavior ::run [ RunTime:0.000826s ]
INFO: WriteHtmlCache Behavior ::run [ RunTime:0.000570s ]
INFO: ShowRuntime Behavior ::run [ RunTime:0.000513s ]
INFO: [ view_filter ] --END-- [ RunTime:0.002745s ]
INFO: [ view_end ] --START--
INFO: ShowPageTrace Behavior ::run [ RunTime:0.000554s ]
INFO: [ view_end ] --END-- [ RunTime:0.000642s ]

[ 2014-11-22T08:30:17+08:00 ] 0.0.0.0 /index.php/index/index.html
INFO: [ route_check ] --START--
INFO: CheckRoute Behavior ::run [ RunTime:0.000794s ]
INFO: [ route_check ] --END-- [ RunTime:0.000903s ]
INFO: [ app_begin ] --START--
INFO: ReadHtmlCache Behavior ::run [ RunTime:0.000489s ]
INFO: [ app_begin ] --END-- [ RunTime:0.000579s ]
SQL: SHOW COLUMNS FROM `dh_category` [ RunTime:0.001872s ]
ERR: 1146:Table 'dianhua.dh_category' doesn't exist
 [ SQL语句 ] : SHOW COLUMNS FROM `dh_category`
SQL: SELECT * FROM `dh_category` WHERE ( isverify=1 and isshow=1 ) LIMIT 5   [ RunTime:0.000376s ]
ERR: 1146:Table 'dianhua.dh_category' doesn't exist
 [ SQL语句 ] : SELECT * FROM `dh_category` WHERE ( isverify=1 and isshow=1 ) LIMIT 5  
SQL: SHOW COLUMNS FROM `dh_huafei` [ RunTime:0.002474s ]
SQL: SELECT * FROM `dh_huafei` WHERE ( yys='移动' ) ORDER BY id desc  [ RunTime:0.000410s ]
SQL: SELECT * FROM `dh_huafei` WHERE ( yys='联通' ) ORDER BY id desc  [ RunTime:0.000337s ]
SQL: SELECT * FROM `dh_huafei` WHERE ( yys='电信' ) ORDER BY id desc  [ RunTime:0.000302s ]
INFO: [ view_parse ] --START--
NOTIC: [8] Undefined index: username E:\Program Files\wamp\www\App\Runtime\Cache\Index\35df0d61bb9b2cf03f64104eb4a2e1e8.php 第 19 行.
INFO: ParseTemplate Behavior ::run [ RunTime:0.014146s ]
INFO: [ view_parse ] --END-- [ RunTime:0.014249s ]
INFO: [ view_filter ] --START--
INFO: ContentReplace Behavior ::run [ RunTime:0.000453s ]
INFO: TokenBuild Behavior ::run [ RunTime:0.000437s ]
INFO: WriteHtmlCache Behavior ::run [ RunTime:0.000299s ]
INFO: ShowRuntime Behavior ::run [ RunTime:0.000488s ]
INFO: [ view_filter ] --END-- [ RunTime:0.001935s ]
INFO: [ view_end ] --START--
INFO: ShowPageTrace Behavior ::run [ RunTime:0.000522s ]
INFO: [ view_end ] --END-- [ RunTime:0.000606s ]

[ 2014-11-22T08:32:01+08:00 ] 0.0.0.0 /index.php/index/index.html
INFO: [ route_check ] --START--
INFO: CheckRoute Behavior ::run [ RunTime:0.000773s ]
INFO: [ route_check ] --END-- [ RunTime:0.000894s ]
INFO: [ app_begin ] --START--
INFO: ReadHtmlCache Behavior ::run [ RunTime:0.000563s ]
INFO: [ app_begin ] --END-- [ RunTime:0.000656s ]
SQL: SHOW COLUMNS FROM `dh_category` [ RunTime:0.001862s ]
ERR: 1146:Table 'dianhua.dh_category' doesn't exist
 [ SQL语句 ] : SHOW COLUMNS FROM `dh_category`
SQL: SELECT * FROM `dh_category` WHERE ( isverify=1 and isshow=1 ) LIMIT 5   [ RunTime:0.000313s ]
ERR: 1146:Table 'dianhua.dh_category' doesn't exist
 [ SQL语句 ] : SELECT * FROM `dh_category` WHERE ( isverify=1 and isshow=1 ) LIMIT 5  
SQL: SHOW COLUMNS FROM `dh_huafei` [ RunTime:0.002225s ]
SQL: SELECT * FROM `dh_huafei` WHERE ( yys='移动' ) ORDER BY id desc  [ RunTime:0.000445s ]
SQL: SELECT * FROM `dh_huafei` WHERE ( yys='联通' ) ORDER BY id desc  [ RunTime:0.000400s ]
SQL: SELECT * FROM `dh_huafei` WHERE ( yys='电信' ) ORDER BY id desc  [ RunTime:0.000430s ]
INFO: [ view_parse ] --START--
NOTIC: [8] Undefined index: username E:\Program Files\wamp\www\App\Runtime\Cache\Index\35df0d61bb9b2cf03f64104eb4a2e1e8.php 第 19 行.
INFO: ParseTemplate Behavior ::run [ RunTime:0.014048s ]
INFO: [ view_parse ] --END-- [ RunTime:0.014152s ]
INFO: [ view_filter ] --START--
INFO: ContentReplace Behavior ::run [ RunTime:0.000534s ]
INFO: TokenBuild Behavior ::run [ RunTime:0.000663s ]
INFO: WriteHtmlCache Behavior ::run [ RunTime:0.000420s ]
INFO: ShowRuntime Behavior ::run [ RunTime:0.000500s ]
INFO: [ view_filter ] --END-- [ RunTime:0.002431s ]
INFO: [ view_end ] --START--
INFO: ShowPageTrace Behavior ::run [ RunTime:0.000573s ]
INFO: [ view_end ] --END-- [ RunTime:0.000658s ]

[ 2014-11-22T08:32:27+08:00 ] 0.0.0.0 /index.php/index/index/chaxun.html
INFO: [ route_check ] --START--
INFO: CheckRoute Behavior ::run [ RunTime:0.000702s ]
INFO: [ route_check ] --END-- [ RunTime:0.000806s ]
INFO: [ app_begin ] --START--
INFO: ReadHtmlCache Behavior ::run [ RunTime:0.000489s ]
INFO: [ app_begin ] --END-- [ RunTime:0.000580s ]
SQL: SHOW COLUMNS FROM `dh_category` [ RunTime:0.002030s ]
ERR: 1146:Table 'dianhua.dh_category' doesn't exist
 [ SQL语句 ] : SHOW COLUMNS FROM `dh_category`
SQL: SELECT * FROM `dh_category` WHERE ( isverify=1 and isshow=1 ) LIMIT 5   [ RunTime:0.000300s ]
ERR: 1146:Table 'dianhua.dh_category' doesn't exist
 [ SQL语句 ] : SELECT * FROM `dh_category` WHERE ( isverify=1 and isshow=1 ) LIMIT 5  
SQL: SHOW COLUMNS FROM `dh_huafei` [ RunTime:0.002119s ]
SQL: SELECT * FROM `dh_huafei` ORDER BY id desc  [ RunTime:0.000451s ]
INFO: [ view_parse ] --START--
NOTIC: [8] Undefined index: username E:\Program Files\wamp\www\App\Runtime\Cache\Index\9b9906071abebd0dd5debbf8bb94eaca.php 第 19 行.
INFO: ParseTemplate Behavior ::run [ RunTime:0.010386s ]
INFO: [ view_parse ] --END-- [ RunTime:0.010490s ]
INFO: [ view_filter ] --START--
INFO: ContentReplace Behavior ::run [ RunTime:0.000437s ]
INFO: TokenBuild Behavior ::run [ RunTime:0.000420s ]
INFO: WriteHtmlCache Behavior ::run [ RunTime:0.000282s ]
INFO: ShowRuntime Behavior ::run [ RunTime:0.000469s ]
INFO: [ view_filter ] --END-- [ RunTime:0.001847s ]
INFO: [ view_end ] --START--
INFO: ShowPageTrace Behavior ::run [ RunTime:0.000520s ]
INFO: [ view_end ] --END-- [ RunTime:0.000607s ]

[ 2014-11-22T08:36:29+08:00 ] 0.0.0.0 /index.php/index/index/chaxun.html
INFO: [ route_check ] --START--
INFO: CheckRoute Behavior ::run [ RunTime:0.000717s ]
INFO: [ route_check ] --END-- [ RunTime:0.000828s ]
INFO: [ app_begin ] --START--
INFO: ReadHtmlCache Behavior ::run [ RunTime:0.000518s ]
INFO: [ app_begin ] --END-- [ RunTime:0.000608s ]
SQL: SHOW COLUMNS FROM `dh_category` [ RunTime:0.001890s ]
ERR: 1146:Table 'dianhua.dh_category' doesn't exist
 [ SQL语句 ] : SHOW COLUMNS FROM `dh_category`
SQL: SELECT * FROM `dh_category` WHERE ( isverify=1 and isshow=1 ) LIMIT 5   [ RunTime:0.000299s ]
ERR: 1146:Table 'dianhua.dh_category' doesn't exist
 [ SQL语句 ] : SELECT * FROM `dh_category` WHERE ( isverify=1 and isshow=1 ) LIMIT 5  
SQL: SHOW COLUMNS FROM `dh_huafei` [ RunTime:0.002312s ]
SQL: SELECT * FROM `dh_huafei` ORDER BY id desc  [ RunTime:0.000443s ]
INFO: [ view_parse ] --START--
NOTIC: [8] Undefined index: username E:\Program Files\wamp\www\App\Runtime\Cache\Index\9b9906071abebd0dd5debbf8bb94eaca.php 第 19 行.
INFO: ParseTemplate Behavior ::run [ RunTime:0.011693s ]
INFO: [ view_parse ] --END-- [ RunTime:0.011796s ]
INFO: [ view_filter ] --START--
INFO: ContentReplace Behavior ::run [ RunTime:0.000617s ]
INFO: TokenBuild Behavior ::run [ RunTime:0.000749s ]
INFO: WriteHtmlCache Behavior ::run [ RunTime:0.000564s ]
INFO: ShowRuntime Behavior ::run [ RunTime:0.000661s ]
INFO: [ view_filter ] --END-- [ RunTime:0.002844s ]
INFO: [ view_end ] --START--
INFO: ShowPageTrace Behavior ::run [ RunTime:0.000718s ]
INFO: [ view_end ] --END-- [ RunTime:0.000804s ]

