[ 2014-10-29T12:09:46+08:00 ] 0.0.0.0 /
INFO: [ app_begin ] --START--
INFO: ReadHtmlCache Behavior ::run [ RunTime:0.002793s ]
INFO: [ app_begin ] --END-- [ RunTime:0.003148s ]
NOTIC: [2] mysql_connect() [<a href='function.mysql-connect'>function.mysql-connect</a>]: Access denied for user 'root'@'localhost' (using password: NO) E:\Program Files\wamp\www\ThinkPHP\Lib\Driver\Db\DbMysql.class.php 第 55 行.
ERR: Access denied for user 'root'@'localhost' (using password: NO)

[ 2014-10-29T12:10:17+08:00 ] 0.0.0.0 /
INFO: [ app_begin ] --START--
INFO: ReadHtmlCache Behavior ::run [ RunTime:0.003286s ]
INFO: [ app_begin ] --END-- [ RunTime:0.003739s ]
SQL: SHOW COLUMNS FROM `dh_category` [ RunTime:0.005132s ]
ERR: 1146:Table 'dianhua.dh_category' doesn't exist
 [ SQL语句 ] : SHOW COLUMNS FROM `dh_category`
SQL: SELECT * FROM `dh_category` WHERE ( isverify=1 and isshow=1 ) LIMIT 5   [ RunTime:0.000767s ]
ERR: 1146:Table 'dianhua.dh_category' doesn't exist
 [ SQL语句 ] : SELECT * FROM `dh_category` WHERE ( isverify=1 and isshow=1 ) LIMIT 5  
SQL: SHOW COLUMNS FROM `dh_huafei` [ RunTime:0.006148s ]
SQL: SELECT * FROM `dh_huafei` WHERE ( yys='移动' ) ORDER BY id desc  [ RunTime:0.000861s ]
SQL: SELECT * FROM `dh_huafei` WHERE ( yys='联通' ) ORDER BY id desc  [ RunTime:0.000735s ]
SQL: SELECT * FROM `dh_huafei` WHERE ( yys='电信' ) ORDER BY id desc  [ RunTime:0.000739s ]
INFO: [ view_parse ] --START--
NOTIC: [8] Undefined index: username E:\Program Files\wamp\www\App\Runtime\Cache\Index\35df0d61bb9b2cf03f64104eb4a2e1e8.php 第 19 行.
INFO: ParseTemplate Behavior ::run [ RunTime:0.050334s ]
INFO: [ view_parse ] --END-- [ RunTime:0.050647s ]
INFO: [ view_filter ] --START--
INFO: ContentReplace Behavior ::run [ RunTime:0.002668s ]
INFO: TokenBuild Behavior ::run [ RunTime:0.002430s ]
INFO: WriteHtmlCache Behavior ::run [ RunTime:0.002027s ]
INFO: ShowRuntime Behavior ::run [ RunTime:0.002600s ]
INFO: [ view_filter ] --END-- [ RunTime:0.010514s ]
INFO: [ view_end ] --START--
INFO: ShowPageTrace Behavior ::run [ RunTime:0.002771s ]
INFO: [ view_end ] --END-- [ RunTime:0.003044s ]

[ 2014-10-29T12:10:47+08:00 ] 0.0.0.0 /index.php/index/index/chaxun.html
INFO: [ route_check ] --START--
INFO: CheckRoute Behavior ::run [ RunTime:0.002340s ]
INFO: [ route_check ] --END-- [ RunTime:0.002670s ]
INFO: [ app_begin ] --START--
INFO: ReadHtmlCache Behavior ::run [ RunTime:0.001681s ]
INFO: [ app_begin ] --END-- [ RunTime:0.001990s ]
SQL: SHOW COLUMNS FROM `dh_category` [ RunTime:0.006003s ]
ERR: 1146:Table 'dianhua.dh_category' doesn't exist
 [ SQL语句 ] : SHOW COLUMNS FROM `dh_category`
SQL: SELECT * FROM `dh_category` WHERE ( isverify=1 and isshow=1 ) LIMIT 5   [ RunTime:0.000865s ]
ERR: 1146:Table 'dianhua.dh_category' doesn't exist
 [ SQL语句 ] : SELECT * FROM `dh_category` WHERE ( isverify=1 and isshow=1 ) LIMIT 5  
SQL: SHOW COLUMNS FROM `dh_huafei` [ RunTime:0.006093s ]
SQL: SELECT * FROM `dh_huafei` ORDER BY id desc  [ RunTime:0.000933s ]
NOTIC: [2] Invalid argument supplied for foreach() E:\Program Files\wamp\www\App\Modules\Index\Action\IndexAction.class.php 第 24 行.
NOTIC: [2] Invalid argument supplied for foreach() E:\Program Files\wamp\www\App\Modules\Index\Action\IndexAction.class.php 第 34 行.
NOTIC: [2] array_multisort() [<a href='function.array-multisort'>function.array-multisort</a>]: Argument #1 is expected to be an array or a sort flag E:\Program Files\wamp\www\App\Modules\Index\Action\IndexAction.class.php 第 37 行.
INFO: [ view_parse ] --START--
NOTIC: [8] Undefined index: username E:\Program Files\wamp\www\App\Runtime\Cache\Index\9b9906071abebd0dd5debbf8bb94eaca.php 第 19 行.
INFO: ParseTemplate Behavior ::run [ RunTime:0.035718s ]
INFO: [ view_parse ] --END-- [ RunTime:0.036036s ]
INFO: [ view_filter ] --START--
INFO: ContentReplace Behavior ::run [ RunTime:0.001258s ]
INFO: TokenBuild Behavior ::run [ RunTime:0.001392s ]
INFO: WriteHtmlCache Behavior ::run [ RunTime:0.000976s ]
INFO: ShowRuntime Behavior ::run [ RunTime:0.001603s ]
INFO: [ view_filter ] --END-- [ RunTime:0.006046s ]
INFO: [ view_end ] --START--
INFO: ShowPageTrace Behavior ::run [ RunTime:0.002357s ]
INFO: [ view_end ] --END-- [ RunTime:0.002786s ]

[ 2014-10-29T12:10:51+08:00 ] 0.0.0.0 /index.php/index/login
INFO: [ route_check ] --START--
INFO: CheckRoute Behavior ::run [ RunTime:0.001888s ]
INFO: [ route_check ] --END-- [ RunTime:0.002215s ]
INFO: [ app_begin ] --START--
INFO: ReadHtmlCache Behavior ::run [ RunTime:0.001443s ]
INFO: [ app_begin ] --END-- [ RunTime:0.001743s ]
INFO: [ view_parse ] --START--
INFO: ParseTemplate Behavior ::run [ RunTime:0.020695s ]
INFO: [ view_parse ] --END-- [ RunTime:0.021140s ]
INFO: [ view_filter ] --START--
INFO: ContentReplace Behavior ::run [ RunTime:0.001138s ]
INFO: TokenBuild Behavior ::run [ RunTime:0.001143s ]
INFO: WriteHtmlCache Behavior ::run [ RunTime:0.000722s ]
INFO: ShowRuntime Behavior ::run [ RunTime:0.001375s ]
INFO: [ view_filter ] --END-- [ RunTime:0.005183s ]
INFO: [ view_end ] --START--
INFO: ShowPageTrace Behavior ::run [ RunTime:0.001597s ]
INFO: [ view_end ] --END-- [ RunTime:0.001900s ]

[ 2014-10-29T12:10:51+08:00 ] 0.0.0.0 /Css/bootstrap.css
INFO: [ route_check ] --START--
INFO: CheckRoute Behavior ::run [ RunTime:0.003026s ]
INFO: [ route_check ] --END-- [ RunTime:0.003546s ]
INFO: [ app_begin ] --START--
INFO: ReadHtmlCache Behavior ::run [ RunTime:0.003501s ]
INFO: [ app_begin ] --END-- [ RunTime:0.005642s ]
NOTIC: [2] strpos() [<a href='function.strpos'>function.strpos</a>]: Empty delimiter E:\Program Files\wamp\www\App\Modules\Index\Action\EmptyAction.class.php 第 16 行.
SQL: SHOW COLUMNS FROM `dh_router` [ RunTime:0.006033s ]
ERR: 1146:Table 'dianhua.dh_router' doesn't exist
 [ SQL语句 ] : SHOW COLUMNS FROM `dh_router`
SQL: SELECT `url` FROM `dh_router` WHERE ( `rewrite` = 'css' ) LIMIT 1   [ RunTime:0.001086s ]
ERR: 1146:Table 'dianhua.dh_router' doesn't exist
 [ SQL语句 ] : SELECT `url` FROM `dh_router` WHERE ( `rewrite` = 'css' ) LIMIT 1  

[ 2014-10-29T12:10:51+08:00 ] 0.0.0.0 /index.php/login/verify/
INFO: [ route_check ] --START--
INFO: CheckRoute Behavior ::run [ RunTime:0.004404s ]
INFO: [ route_check ] --END-- [ RunTime:0.005071s ]
INFO: [ app_begin ] --START--
INFO: ReadHtmlCache Behavior ::run [ RunTime:0.003487s ]
INFO: [ app_begin ] --END-- [ RunTime:0.004173s ]

[ 2014-10-29T12:10:51+08:00 ] 0.0.0.0 /index.php/index/index.html
INFO: [ route_check ] --START--
INFO: CheckRoute Behavior ::run [ RunTime:0.002005s ]
INFO: [ route_check ] --END-- [ RunTime:0.002329s ]
INFO: [ app_begin ] --START--
INFO: ReadHtmlCache Behavior ::run [ RunTime:0.001730s ]
INFO: [ app_begin ] --END-- [ RunTime:0.002112s ]
SQL: SHOW COLUMNS FROM `dh_category` [ RunTime:0.007211s ]
ERR: 1146:Table 'dianhua.dh_category' doesn't exist
 [ SQL语句 ] : SHOW COLUMNS FROM `dh_category`
SQL: SELECT * FROM `dh_category` WHERE ( isverify=1 and isshow=1 ) LIMIT 5   [ RunTime:0.000700s ]
ERR: 1146:Table 'dianhua.dh_category' doesn't exist
 [ SQL语句 ] : SELECT * FROM `dh_category` WHERE ( isverify=1 and isshow=1 ) LIMIT 5  
SQL: SHOW COLUMNS FROM `dh_huafei` [ RunTime:0.007724s ]
SQL: SELECT * FROM `dh_huafei` WHERE ( yys='移动' ) ORDER BY id desc  [ RunTime:0.000952s ]
SQL: SELECT * FROM `dh_huafei` WHERE ( yys='联通' ) ORDER BY id desc  [ RunTime:0.000845s ]
SQL: SELECT * FROM `dh_huafei` WHERE ( yys='电信' ) ORDER BY id desc  [ RunTime:0.000741s ]
INFO: [ view_parse ] --START--
NOTIC: [8] Undefined index: username E:\Program Files\wamp\www\App\Runtime\Cache\Index\35df0d61bb9b2cf03f64104eb4a2e1e8.php 第 19 行.
INFO: ParseTemplate Behavior ::run [ RunTime:0.042898s ]
INFO: [ view_parse ] --END-- [ RunTime:0.043373s ]
INFO: [ view_filter ] --START--
INFO: ContentReplace Behavior ::run [ RunTime:0.000992s ]
INFO: TokenBuild Behavior ::run [ RunTime:0.001222s ]
INFO: WriteHtmlCache Behavior ::run [ RunTime:0.000678s ]
INFO: ShowRuntime Behavior ::run [ RunTime:0.001226s ]
INFO: [ view_filter ] --END-- [ RunTime:0.004862s ]
INFO: [ view_end ] --START--
INFO: ShowPageTrace Behavior ::run [ RunTime:0.001625s ]
INFO: [ view_end ] --END-- [ RunTime:0.001889s ]

[ 2014-10-29T12:10:54+08:00 ] 0.0.0.0 /index.php/index/login/checkreg.html
INFO: [ route_check ] --START--
INFO: CheckRoute Behavior ::run [ RunTime:0.001875s ]
INFO: [ route_check ] --END-- [ RunTime:0.002280s ]
INFO: [ app_begin ] --START--
INFO: ReadHtmlCache Behavior ::run [ RunTime:0.001455s ]
INFO: [ app_begin ] --END-- [ RunTime:0.001762s ]
INFO: [ view_parse ] --START--
INFO: ParseTemplate Behavior ::run [ RunTime:0.020831s ]
INFO: [ view_parse ] --END-- [ RunTime:0.021175s ]
INFO: [ view_filter ] --START--
INFO: ContentReplace Behavior ::run [ RunTime:0.001178s ]
INFO: TokenBuild Behavior ::run [ RunTime:0.001203s ]
INFO: WriteHtmlCache Behavior ::run [ RunTime:0.000789s ]
INFO: ShowRuntime Behavior ::run [ RunTime:0.001487s ]
INFO: [ view_filter ] --END-- [ RunTime:0.005618s ]
INFO: [ view_end ] --START--
INFO: ShowPageTrace Behavior ::run [ RunTime:0.001625s ]
INFO: [ view_end ] --END-- [ RunTime:0.001928s ]

[ 2014-10-29T12:10:55+08:00 ] 0.0.0.0 /Css/bootstrap.css
INFO: [ route_check ] --START--
INFO: CheckRoute Behavior ::run [ RunTime:0.004740s ]
INFO: [ route_check ] --END-- [ RunTime:0.005589s ]
INFO: [ app_begin ] --START--
INFO: ReadHtmlCache Behavior ::run [ RunTime:0.004203s ]
INFO: [ app_begin ] --END-- [ RunTime:0.004904s ]
NOTIC: [2] strpos() [<a href='function.strpos'>function.strpos</a>]: Empty delimiter E:\Program Files\wamp\www\App\Modules\Index\Action\EmptyAction.class.php 第 16 行.
SQL: SHOW COLUMNS FROM `dh_router` [ RunTime:0.007258s ]
ERR: 1146:Table 'dianhua.dh_router' doesn't exist
 [ SQL语句 ] : SHOW COLUMNS FROM `dh_router`
SQL: SELECT `url` FROM `dh_router` WHERE ( `rewrite` = 'css' ) LIMIT 1   [ RunTime:0.000972s ]
ERR: 1146:Table 'dianhua.dh_router' doesn't exist
 [ SQL语句 ] : SELECT `url` FROM `dh_router` WHERE ( `rewrite` = 'css' ) LIMIT 1  

[ 2014-10-29T12:10:55+08:00 ] 0.0.0.0 /index.php/login/verify.html
INFO: [ route_check ] --START--
INFO: CheckRoute Behavior ::run [ RunTime:0.005122s ]
INFO: [ route_check ] --END-- [ RunTime:0.005660s ]
INFO: [ app_begin ] --START--
INFO: ReadHtmlCache Behavior ::run [ RunTime:0.004951s ]
INFO: [ app_begin ] --END-- [ RunTime:0.005490s ]

[ 2014-10-29T12:10:55+08:00 ] 0.0.0.0 /Js/jquery-1.7.2.js
INFO: [ route_check ] --START--
INFO: CheckRoute Behavior ::run [ RunTime:0.005823s ]
INFO: [ route_check ] --END-- [ RunTime:0.006389s ]
INFO: [ app_begin ] --START--
INFO: ReadHtmlCache Behavior ::run [ RunTime:0.007167s ]
INFO: [ app_begin ] --END-- [ RunTime:0.007756s ]
NOTIC: [2] strpos() [<a href='function.strpos'>function.strpos</a>]: Empty delimiter E:\Program Files\wamp\www\App\Modules\Index\Action\EmptyAction.class.php 第 16 行.
SQL: SHOW COLUMNS FROM `dh_router` [ RunTime:0.007434s ]
ERR: 1146:Table 'dianhua.dh_router' doesn't exist
 [ SQL语句 ] : SHOW COLUMNS FROM `dh_router`
SQL: SELECT `url` FROM `dh_router` WHERE ( `rewrite` = 'js' ) LIMIT 1   [ RunTime:0.001096s ]
ERR: 1146:Table 'dianhua.dh_router' doesn't exist
 [ SQL语句 ] : SELECT `url` FROM `dh_router` WHERE ( `rewrite` = 'js' ) LIMIT 1  

[ 2014-10-29T12:10:55+08:00 ] 0.0.0.0 /index.php/index/index.html
INFO: [ route_check ] --START--
INFO: CheckRoute Behavior ::run [ RunTime:0.003652s ]
INFO: [ route_check ] --END-- [ RunTime:0.004187s ]
INFO: [ app_begin ] --START--
INFO: ReadHtmlCache Behavior ::run [ RunTime:0.002467s ]
INFO: [ app_begin ] --END-- [ RunTime:0.003049s ]
SQL: SHOW COLUMNS FROM `dh_category` [ RunTime:0.005022s ]
ERR: 1146:Table 'dianhua.dh_category' doesn't exist
 [ SQL语句 ] : SHOW COLUMNS FROM `dh_category`
SQL: SELECT * FROM `dh_category` WHERE ( isverify=1 and isshow=1 ) LIMIT 5   [ RunTime:0.000793s ]
ERR: 1146:Table 'dianhua.dh_category' doesn't exist
 [ SQL语句 ] : SELECT * FROM `dh_category` WHERE ( isverify=1 and isshow=1 ) LIMIT 5  
SQL: SHOW COLUMNS FROM `dh_huafei` [ RunTime:0.009725s ]
SQL: SELECT * FROM `dh_huafei` WHERE ( yys='移动' ) ORDER BY id desc  [ RunTime:0.001071s ]
SQL: SELECT * FROM `dh_huafei` WHERE ( yys='联通' ) ORDER BY id desc  [ RunTime:0.000773s ]
SQL: SELECT * FROM `dh_huafei` WHERE ( yys='电信' ) ORDER BY id desc  [ RunTime:0.000732s ]
INFO: [ view_parse ] --START--
NOTIC: [8] Undefined index: username E:\Program Files\wamp\www\App\Runtime\Cache\Index\35df0d61bb9b2cf03f64104eb4a2e1e8.php 第 19 行.
INFO: ParseTemplate Behavior ::run [ RunTime:0.039809s ]
INFO: [ view_parse ] --END-- [ RunTime:0.040116s ]
INFO: [ view_filter ] --START--
INFO: ContentReplace Behavior ::run [ RunTime:0.000977s ]
INFO: TokenBuild Behavior ::run [ RunTime:0.001007s ]
INFO: WriteHtmlCache Behavior ::run [ RunTime:0.000978s ]
INFO: ShowRuntime Behavior ::run [ RunTime:0.001612s ]
INFO: [ view_filter ] --END-- [ RunTime:0.005423s ]
INFO: [ view_end ] --START--
INFO: ShowPageTrace Behavior ::run [ RunTime:0.001467s ]
INFO: [ view_end ] --END-- [ RunTime:0.001750s ]

[ 2014-10-29T12:10:55+08:00 ] 0.0.0.0 /index.php/index/index.html
INFO: [ route_check ] --START--
INFO: CheckRoute Behavior ::run [ RunTime:0.001833s ]
INFO: [ route_check ] --END-- [ RunTime:0.002197s ]
INFO: [ app_begin ] --START--
INFO: ReadHtmlCache Behavior ::run [ RunTime:0.001299s ]
INFO: [ app_begin ] --END-- [ RunTime:0.001563s ]
SQL: SHOW COLUMNS FROM `dh_category` [ RunTime:0.006639s ]
ERR: 1146:Table 'dianhua.dh_category' doesn't exist
 [ SQL语句 ] : SHOW COLUMNS FROM `dh_category`
SQL: SELECT * FROM `dh_category` WHERE ( isverify=1 and isshow=1 ) LIMIT 5   [ RunTime:0.000707s ]
ERR: 1146:Table 'dianhua.dh_category' doesn't exist
 [ SQL语句 ] : SELECT * FROM `dh_category` WHERE ( isverify=1 and isshow=1 ) LIMIT 5  
SQL: SHOW COLUMNS FROM `dh_huafei` [ RunTime:0.005613s ]
SQL: SELECT * FROM `dh_huafei` WHERE ( yys='移动' ) ORDER BY id desc  [ RunTime:0.000696s ]
SQL: SELECT * FROM `dh_huafei` WHERE ( yys='联通' ) ORDER BY id desc  [ RunTime:0.000591s ]
SQL: SELECT * FROM `dh_huafei` WHERE ( yys='电信' ) ORDER BY id desc  [ RunTime:0.000597s ]
INFO: [ view_parse ] --START--
NOTIC: [8] Undefined index: username E:\Program Files\wamp\www\App\Runtime\Cache\Index\35df0d61bb9b2cf03f64104eb4a2e1e8.php 第 19 行.
INFO: ParseTemplate Behavior ::run [ RunTime:0.042377s ]
INFO: [ view_parse ] --END-- [ RunTime:0.042974s ]
INFO: [ view_filter ] --START--
INFO: ContentReplace Behavior ::run [ RunTime:0.001002s ]
INFO: TokenBuild Behavior ::run [ RunTime:0.001023s ]
INFO: WriteHtmlCache Behavior ::run [ RunTime:0.000667s ]
INFO: ShowRuntime Behavior ::run [ RunTime:0.001213s ]
INFO: [ view_filter ] --END-- [ RunTime:0.004615s ]
INFO: [ view_end ] --START--
INFO: ShowPageTrace Behavior ::run [ RunTime:0.001390s ]
INFO: [ view_end ] --END-- [ RunTime:0.001649s ]

[ 2014-10-29T12:11:12+08:00 ] 0.0.0.0 /index.php/login/checkregs.html
INFO: [ route_check ] --START--
INFO: CheckRoute Behavior ::run [ RunTime:0.002947s ]
INFO: [ route_check ] --END-- [ RunTime:0.003346s ]
INFO: [ app_begin ] --START--
INFO: ReadHtmlCache Behavior ::run [ RunTime:0.002252s ]
INFO: [ app_begin ] --END-- [ RunTime:0.002550s ]
SQL: SHOW COLUMNS FROM `dh_member_user` [ RunTime:0.006828s ]
SQL: INSERT INTO `dh_member_user` (`username`,`password`,`regtime`,`regip`) VALUES ('admin','96e79218965eb72c92a549dd5a330112',1414555872,'0.0.0.0') [ RunTime:0.000834s ]
INFO: [ view_parse ] --START--
INFO: ParseTemplate Behavior ::run [ RunTime:0.022571s ]
INFO: [ view_parse ] --END-- [ RunTime:0.022935s ]
INFO: [ view_filter ] --START--
INFO: ContentReplace Behavior ::run [ RunTime:0.001648s ]
INFO: TokenBuild Behavior ::run [ RunTime:0.001660s ]
INFO: WriteHtmlCache Behavior ::run [ RunTime:0.001334s ]
INFO: ShowRuntime Behavior ::run [ RunTime:0.002690s ]
INFO: [ view_filter ] --END-- [ RunTime:0.008194s ]
INFO: [ view_end ] --START--
INFO: ShowPageTrace Behavior ::run [ RunTime:0.002264s ]
INFO: [ view_end ] --END-- [ RunTime:0.002551s ]

[ 2014-10-29T12:11:13+08:00 ] 0.0.0.0 /index.php/index/index.html
INFO: [ route_check ] --START--
INFO: CheckRoute Behavior ::run [ RunTime:0.002439s ]
INFO: [ route_check ] --END-- [ RunTime:0.002912s ]
INFO: [ app_begin ] --START--
INFO: ReadHtmlCache Behavior ::run [ RunTime:0.002394s ]
INFO: [ app_begin ] --END-- [ RunTime:0.002696s ]
SQL: SHOW COLUMNS FROM `dh_category` [ RunTime:0.007359s ]
ERR: 1146:Table 'dianhua.dh_category' doesn't exist
 [ SQL语句 ] : SHOW COLUMNS FROM `dh_category`
SQL: SELECT * FROM `dh_category` WHERE ( isverify=1 and isshow=1 ) LIMIT 5   [ RunTime:0.000830s ]
ERR: 1146:Table 'dianhua.dh_category' doesn't exist
 [ SQL语句 ] : SELECT * FROM `dh_category` WHERE ( isverify=1 and isshow=1 ) LIMIT 5  
SQL: SHOW COLUMNS FROM `dh_huafei` [ RunTime:0.007187s ]
SQL: SELECT * FROM `dh_huafei` WHERE ( yys='移动' ) ORDER BY id desc  [ RunTime:0.001069s ]
SQL: SELECT * FROM `dh_huafei` WHERE ( yys='联通' ) ORDER BY id desc  [ RunTime:0.000886s ]
SQL: SELECT * FROM `dh_huafei` WHERE ( yys='电信' ) ORDER BY id desc  [ RunTime:0.000799s ]
INFO: [ view_parse ] --START--
INFO: ParseTemplate Behavior ::run [ RunTime:0.050005s ]
INFO: [ view_parse ] --END-- [ RunTime:0.050355s ]
INFO: [ view_filter ] --START--
INFO: ContentReplace Behavior ::run [ RunTime:0.001734s ]
INFO: TokenBuild Behavior ::run [ RunTime:0.002081s ]
INFO: WriteHtmlCache Behavior ::run [ RunTime:0.001536s ]
INFO: ShowRuntime Behavior ::run [ RunTime:0.001901s ]
INFO: [ view_filter ] --END-- [ RunTime:0.008196s ]
INFO: [ view_end ] --START--
INFO: ShowPageTrace Behavior ::run [ RunTime:0.003114s ]
INFO: [ view_end ] --END-- [ RunTime:0.003459s ]

[ 2014-10-29T12:11:17+08:00 ] 0.0.0.0 /index.php/member
INFO: [ route_check ] --START--
INFO: CheckRoute Behavior ::run [ RunTime:0.002480s ]
INFO: [ route_check ] --END-- [ RunTime:0.002843s ]
INFO: [ app_begin ] --START--
INFO: ReadHtmlCache Behavior ::run [ RunTime:0.001949s ]
INFO: [ app_begin ] --END-- [ RunTime:0.002256s ]
NOTIC: [2] strpos() [<a href='function.strpos'>function.strpos</a>]: Empty delimiter E:\Program Files\wamp\www\App\Modules\Member\Action\EmptyAction.class.php 第 16 行.
SQL: SHOW COLUMNS FROM `dh_router` [ RunTime:0.005270s ]
ERR: 1146:Table 'dianhua.dh_router' doesn't exist
 [ SQL语句 ] : SHOW COLUMNS FROM `dh_router`
SQL: SELECT `url` FROM `dh_router` WHERE ( `rewrite` = 'member' ) LIMIT 1   [ RunTime:0.000766s ]
ERR: 1146:Table 'dianhua.dh_router' doesn't exist
 [ SQL语句 ] : SELECT `url` FROM `dh_router` WHERE ( `rewrite` = 'member' ) LIMIT 1  

[ 2014-10-29T12:11:17+08:00 ] 0.0.0.0 /index.php/member/person/index.html
INFO: [ route_check ] --START--
INFO: CheckRoute Behavior ::run [ RunTime:0.002417s ]
INFO: [ route_check ] --END-- [ RunTime:0.002783s ]
INFO: [ app_begin ] --START--
INFO: ReadHtmlCache Behavior ::run [ RunTime:0.001965s ]
INFO: [ app_begin ] --END-- [ RunTime:0.002292s ]
SQL: SHOW COLUMNS FROM `dh_category` [ RunTime:0.005086s ]
ERR: 1146:Table 'dianhua.dh_category' doesn't exist
 [ SQL语句 ] : SHOW COLUMNS FROM `dh_category`
SQL: SELECT * FROM `dh_category` WHERE ( isverify=1 and isshow=1 ) LIMIT 5   [ RunTime:0.000891s ]
ERR: 1146:Table 'dianhua.dh_category' doesn't exist
 [ SQL语句 ] : SELECT * FROM `dh_category` WHERE ( isverify=1 and isshow=1 ) LIMIT 5  
SQL: SHOW COLUMNS FROM `dh_article` [ RunTime:0.005048s ]
ERR: 1146:Table 'dianhua.dh_article' doesn't exist
 [ SQL语句 ] : SHOW COLUMNS FROM `dh_article`
SQL: SELECT * FROM `dh_article` WHERE ( ispush=1 and islock=0 ) ORDER BY rand() LIMIT 5   [ RunTime:0.000840s ]
ERR: 1146:Table 'dianhua.dh_article' doesn't exist
 [ SQL语句 ] : SELECT * FROM `dh_article` WHERE ( ispush=1 and islock=0 ) ORDER BY rand() LIMIT 5  
SQL: SHOW COLUMNS FROM `dh_huafei` [ RunTime:0.006945s ]
SQL: SELECT * FROM `dh_huafei` ORDER BY id desc  [ RunTime:0.000846s ]
INFO: [ view_parse ] --START--
NOTIC: [2] file_get_contents(./App/Modules/Member/Tpl/default/Public/footer.html) [<a href='function.file-get-contents'>function.file-get-contents</a>]: failed to open stream: No such file or directory E:\Program Files\wamp\www\ThinkPHP\Lib\Template\ThinkTemplate.class.php 第 695 行.
INFO: ParseTemplate Behavior ::run [ RunTime:0.035214s ]
INFO: [ view_parse ] --END-- [ RunTime:0.035572s ]
INFO: [ view_filter ] --START--
INFO: ContentReplace Behavior ::run [ RunTime:0.001631s ]
INFO: TokenBuild Behavior ::run [ RunTime:0.001662s ]
INFO: WriteHtmlCache Behavior ::run [ RunTime:0.001240s ]
INFO: ShowRuntime Behavior ::run [ RunTime:0.001820s ]
INFO: [ view_filter ] --END-- [ RunTime:0.007150s ]
INFO: [ view_end ] --START--
INFO: ShowPageTrace Behavior ::run [ RunTime:0.002181s ]
INFO: [ view_end ] --END-- [ RunTime:0.002519s ]

[ 2014-10-29T12:13:41+08:00 ] 0.0.0.0 /index.php/member/person/addtc.html
INFO: [ route_check ] --START--
INFO: CheckRoute Behavior ::run [ RunTime:0.002531s ]
INFO: [ route_check ] --END-- [ RunTime:0.002886s ]
INFO: [ app_begin ] --START--
INFO: ReadHtmlCache Behavior ::run [ RunTime:0.002077s ]
INFO: [ app_begin ] --END-- [ RunTime:0.002379s ]
SQL: SHOW COLUMNS FROM `dh_category` [ RunTime:0.005319s ]
ERR: 1146:Table 'dianhua.dh_category' doesn't exist
 [ SQL语句 ] : SHOW COLUMNS FROM `dh_category`
SQL: SELECT * FROM `dh_category` WHERE ( isverify=1 and isshow=1 ) LIMIT 5   [ RunTime:0.001011s ]
ERR: 1146:Table 'dianhua.dh_category' doesn't exist
 [ SQL语句 ] : SELECT * FROM `dh_category` WHERE ( isverify=1 and isshow=1 ) LIMIT 5  
SQL: SHOW COLUMNS FROM `dh_article` [ RunTime:0.005160s ]
ERR: 1146:Table 'dianhua.dh_article' doesn't exist
 [ SQL语句 ] : SHOW COLUMNS FROM `dh_article`
SQL: SELECT * FROM `dh_article` WHERE ( ispush=1 and islock=0 ) ORDER BY rand() LIMIT 5   [ RunTime:0.000898s ]
ERR: 1146:Table 'dianhua.dh_article' doesn't exist
 [ SQL语句 ] : SELECT * FROM `dh_article` WHERE ( ispush=1 and islock=0 ) ORDER BY rand() LIMIT 5  
SQL: SHOW COLUMNS FROM `dh_huafei` [ RunTime:0.006117s ]
SQL: INSERT INTO `dh_huafei` (`yys`,`package`,`money`,`callpackage`,`callmore`,`llpackage`,`llmore`,`msgpackage`,`msgmore`) VALUES ('移动','动感地带',50,100,0.2,100,0.3,100,0.1) [ RunTime:0.126181s ]
INFO: [ view_parse ] --START--
INFO: ParseTemplate Behavior ::run [ RunTime:0.022195s ]
INFO: [ view_parse ] --END-- [ RunTime:0.022653s ]
INFO: [ view_filter ] --START--
INFO: ContentReplace Behavior ::run [ RunTime:0.001551s ]
INFO: TokenBuild Behavior ::run [ RunTime:0.001637s ]
INFO: WriteHtmlCache Behavior ::run [ RunTime:0.001507s ]
INFO: ShowRuntime Behavior ::run [ RunTime:0.002819s ]
INFO: [ view_filter ] --END-- [ RunTime:0.008514s ]
INFO: [ view_end ] --START--
INFO: ShowPageTrace Behavior ::run [ RunTime:0.002185s ]
INFO: [ view_end ] --END-- [ RunTime:0.002485s ]

[ 2014-10-29T12:13:42+08:00 ] 0.0.0.0 /index.php/member/person/index.html
INFO: [ route_check ] --START--
INFO: CheckRoute Behavior ::run [ RunTime:0.003667s ]
INFO: [ route_check ] --END-- [ RunTime:0.004249s ]
INFO: [ app_begin ] --START--
INFO: ReadHtmlCache Behavior ::run [ RunTime:0.001954s ]
INFO: [ app_begin ] --END-- [ RunTime:0.002265s ]
SQL: SHOW COLUMNS FROM `dh_category` [ RunTime:0.007682s ]
ERR: 1146:Table 'dianhua.dh_category' doesn't exist
 [ SQL语句 ] : SHOW COLUMNS FROM `dh_category`
SQL: SELECT * FROM `dh_category` WHERE ( isverify=1 and isshow=1 ) LIMIT 5   [ RunTime:0.001211s ]
ERR: 1146:Table 'dianhua.dh_category' doesn't exist
 [ SQL语句 ] : SELECT * FROM `dh_category` WHERE ( isverify=1 and isshow=1 ) LIMIT 5  
SQL: SHOW COLUMNS FROM `dh_article` [ RunTime:0.006729s ]
ERR: 1146:Table 'dianhua.dh_article' doesn't exist
 [ SQL语句 ] : SHOW COLUMNS FROM `dh_article`
SQL: SELECT * FROM `dh_article` WHERE ( ispush=1 and islock=0 ) ORDER BY rand() LIMIT 5   [ RunTime:0.001004s ]
ERR: 1146:Table 'dianhua.dh_article' doesn't exist
 [ SQL语句 ] : SELECT * FROM `dh_article` WHERE ( ispush=1 and islock=0 ) ORDER BY rand() LIMIT 5  
SQL: SHOW COLUMNS FROM `dh_huafei` [ RunTime:0.006590s ]
SQL: SELECT * FROM `dh_huafei` ORDER BY id desc  [ RunTime:0.001025s ]
INFO: [ view_parse ] --START--
NOTIC: [2] file_get_contents(./App/Modules/Member/Tpl/default/Public/footer.html) [<a href='function.file-get-contents'>function.file-get-contents</a>]: failed to open stream: No such file or directory E:\Program Files\wamp\www\ThinkPHP\Lib\Template\ThinkTemplate.class.php 第 695 行.
INFO: ParseTemplate Behavior ::run [ RunTime:0.036632s ]
INFO: [ view_parse ] --END-- [ RunTime:0.036994s ]
INFO: [ view_filter ] --START--
INFO: ContentReplace Behavior ::run [ RunTime:0.002625s ]
INFO: TokenBuild Behavior ::run [ RunTime:0.001795s ]
INFO: WriteHtmlCache Behavior ::run [ RunTime:0.001428s ]
INFO: ShowRuntime Behavior ::run [ RunTime:0.001933s ]
INFO: [ view_filter ] --END-- [ RunTime:0.009016s ]
INFO: [ view_end ] --START--
INFO: ShowPageTrace Behavior ::run [ RunTime:0.002446s ]
INFO: [ view_end ] --END-- [ RunTime:0.002748s ]

[ 2014-10-29T12:14:29+08:00 ] 0.0.0.0 /index.php/member/person/addtc.html
INFO: [ route_check ] --START--
INFO: CheckRoute Behavior ::run [ RunTime:0.003203s ]
INFO: [ route_check ] --END-- [ RunTime:0.003581s ]
INFO: [ app_begin ] --START--
INFO: ReadHtmlCache Behavior ::run [ RunTime:0.001931s ]
INFO: [ app_begin ] --END-- [ RunTime:0.002236s ]
SQL: SHOW COLUMNS FROM `dh_category` [ RunTime:0.005429s ]
ERR: 1146:Table 'dianhua.dh_category' doesn't exist
 [ SQL语句 ] : SHOW COLUMNS FROM `dh_category`
SQL: SELECT * FROM `dh_category` WHERE ( isverify=1 and isshow=1 ) LIMIT 5   [ RunTime:0.000809s ]
ERR: 1146:Table 'dianhua.dh_category' doesn't exist
 [ SQL语句 ] : SELECT * FROM `dh_category` WHERE ( isverify=1 and isshow=1 ) LIMIT 5  
SQL: SHOW COLUMNS FROM `dh_article` [ RunTime:0.006239s ]
ERR: 1146:Table 'dianhua.dh_article' doesn't exist
 [ SQL语句 ] : SHOW COLUMNS FROM `dh_article`
SQL: SELECT * FROM `dh_article` WHERE ( ispush=1 and islock=0 ) ORDER BY rand() LIMIT 5   [ RunTime:0.000926s ]
ERR: 1146:Table 'dianhua.dh_article' doesn't exist
 [ SQL语句 ] : SELECT * FROM `dh_article` WHERE ( ispush=1 and islock=0 ) ORDER BY rand() LIMIT 5  
SQL: SHOW COLUMNS FROM `dh_huafei` [ RunTime:0.006412s ]
SQL: INSERT INTO `dh_huafei` (`yys`,`package`,`money`,`callpackage`,`callmore`,`llpackage`,`llmore`,`msgpackage`,`msgmore`) VALUES ('联通','沃派',40,200,0.1,50,0.2,0,0.1) [ RunTime:0.152231s ]
INFO: [ view_parse ] --START--
INFO: ParseTemplate Behavior ::run [ RunTime:0.022889s ]
INFO: [ view_parse ] --END-- [ RunTime:0.023253s ]
INFO: [ view_filter ] --START--
INFO: ContentReplace Behavior ::run [ RunTime:0.001606s ]
INFO: TokenBuild Behavior ::run [ RunTime:0.001600s ]
INFO: WriteHtmlCache Behavior ::run [ RunTime:0.001259s ]
INFO: ShowRuntime Behavior ::run [ RunTime:0.001861s ]
INFO: [ view_filter ] --END-- [ RunTime:0.007149s ]
INFO: [ view_end ] --START--
INFO: ShowPageTrace Behavior ::run [ RunTime:0.002181s ]
INFO: [ view_end ] --END-- [ RunTime:0.002478s ]

[ 2014-10-29T12:14:30+08:00 ] 0.0.0.0 /index.php/member/person/index.html
INFO: [ route_check ] --START--
INFO: CheckRoute Behavior ::run [ RunTime:0.003894s ]
INFO: [ route_check ] --END-- [ RunTime:0.004390s ]
INFO: [ app_begin ] --START--
INFO: ReadHtmlCache Behavior ::run [ RunTime:0.003200s ]
INFO: [ app_begin ] --END-- [ RunTime:0.003745s ]
SQL: SHOW COLUMNS FROM `dh_category` [ RunTime:0.006503s ]
ERR: 1146:Table 'dianhua.dh_category' doesn't exist
 [ SQL语句 ] : SHOW COLUMNS FROM `dh_category`
SQL: SELECT * FROM `dh_category` WHERE ( isverify=1 and isshow=1 ) LIMIT 5   [ RunTime:0.001115s ]
ERR: 1146:Table 'dianhua.dh_category' doesn't exist
 [ SQL语句 ] : SELECT * FROM `dh_category` WHERE ( isverify=1 and isshow=1 ) LIMIT 5  
SQL: SHOW COLUMNS FROM `dh_article` [ RunTime:0.005744s ]
ERR: 1146:Table 'dianhua.dh_article' doesn't exist
 [ SQL语句 ] : SHOW COLUMNS FROM `dh_article`
SQL: SELECT * FROM `dh_article` WHERE ( ispush=1 and islock=0 ) ORDER BY rand() LIMIT 5   [ RunTime:0.000903s ]
ERR: 1146:Table 'dianhua.dh_article' doesn't exist
 [ SQL语句 ] : SELECT * FROM `dh_article` WHERE ( ispush=1 and islock=0 ) ORDER BY rand() LIMIT 5  
SQL: SHOW COLUMNS FROM `dh_huafei` [ RunTime:0.006226s ]
SQL: SELECT * FROM `dh_huafei` ORDER BY id desc  [ RunTime:0.000899s ]
INFO: [ view_parse ] --START--
NOTIC: [2] file_get_contents(./App/Modules/Member/Tpl/default/Public/footer.html) [<a href='function.file-get-contents'>function.file-get-contents</a>]: failed to open stream: No such file or directory E:\Program Files\wamp\www\ThinkPHP\Lib\Template\ThinkTemplate.class.php 第 695 行.
INFO: ParseTemplate Behavior ::run [ RunTime:0.035239s ]
INFO: [ view_parse ] --END-- [ RunTime:0.035662s ]
INFO: [ view_filter ] --START--
INFO: ContentReplace Behavior ::run [ RunTime:0.002073s ]
INFO: TokenBuild Behavior ::run [ RunTime:0.001668s ]
INFO: WriteHtmlCache Behavior ::run [ RunTime:0.001301s ]
INFO: ShowRuntime Behavior ::run [ RunTime:0.001959s ]
INFO: [ view_filter ] --END-- [ RunTime:0.007938s ]
INFO: [ view_end ] --START--
INFO: ShowPageTrace Behavior ::run [ RunTime:0.002136s ]
INFO: [ view_end ] --END-- [ RunTime:0.002427s ]

[ 2014-10-29T12:15:15+08:00 ] 0.0.0.0 /index.php/member/person/addtc.html
INFO: [ route_check ] --START--
INFO: CheckRoute Behavior ::run [ RunTime:0.002582s ]
INFO: [ route_check ] --END-- [ RunTime:0.002969s ]
INFO: [ app_begin ] --START--
INFO: ReadHtmlCache Behavior ::run [ RunTime:0.001936s ]
INFO: [ app_begin ] --END-- [ RunTime:0.002236s ]
SQL: SHOW COLUMNS FROM `dh_category` [ RunTime:0.005824s ]
ERR: 1146:Table 'dianhua.dh_category' doesn't exist
 [ SQL语句 ] : SHOW COLUMNS FROM `dh_category`
SQL: SELECT * FROM `dh_category` WHERE ( isverify=1 and isshow=1 ) LIMIT 5   [ RunTime:0.000848s ]
ERR: 1146:Table 'dianhua.dh_category' doesn't exist
 [ SQL语句 ] : SELECT * FROM `dh_category` WHERE ( isverify=1 and isshow=1 ) LIMIT 5  
SQL: SHOW COLUMNS FROM `dh_article` [ RunTime:0.005991s ]
ERR: 1146:Table 'dianhua.dh_article' doesn't exist
 [ SQL语句 ] : SHOW COLUMNS FROM `dh_article`
SQL: SELECT * FROM `dh_article` WHERE ( ispush=1 and islock=0 ) ORDER BY rand() LIMIT 5   [ RunTime:0.000880s ]
ERR: 1146:Table 'dianhua.dh_article' doesn't exist
 [ SQL语句 ] : SELECT * FROM `dh_article` WHERE ( ispush=1 and islock=0 ) ORDER BY rand() LIMIT 5  
SQL: SHOW COLUMNS FROM `dh_huafei` [ RunTime:0.006038s ]
SQL: INSERT INTO `dh_huafei` (`yys`,`package`,`money`,`callpackage`,`callmore`,`llpackage`,`llmore`,`msgpackage`,`msgmore`) VALUES ('电信','天翼',46,150,0.2,150,0.2,50,0.1) [ RunTime:0.150689s ]
INFO: [ view_parse ] --START--
INFO: ParseTemplate Behavior ::run [ RunTime:0.022248s ]
INFO: [ view_parse ] --END-- [ RunTime:0.022618s ]
INFO: [ view_filter ] --START--
INFO: ContentReplace Behavior ::run [ RunTime:0.001577s ]
INFO: TokenBuild Behavior ::run [ RunTime:0.001624s ]
INFO: WriteHtmlCache Behavior ::run [ RunTime:0.001256s ]
INFO: ShowRuntime Behavior ::run [ RunTime:0.001848s ]
INFO: [ view_filter ] --END-- [ RunTime:0.007120s ]
INFO: [ view_end ] --START--
INFO: ShowPageTrace Behavior ::run [ RunTime:0.002925s ]
INFO: [ view_end ] --END-- [ RunTime:0.003232s ]

[ 2014-10-29T12:15:16+08:00 ] 0.0.0.0 /index.php/member/person/index.html
INFO: [ route_check ] --START--
INFO: CheckRoute Behavior ::run [ RunTime:0.002533s ]
INFO: [ route_check ] --END-- [ RunTime:0.002890s ]
INFO: [ app_begin ] --START--
INFO: ReadHtmlCache Behavior ::run [ RunTime:0.003518s ]
INFO: [ app_begin ] --END-- [ RunTime:0.004005s ]
SQL: SHOW COLUMNS FROM `dh_category` [ RunTime:0.006887s ]
ERR: 1146:Table 'dianhua.dh_category' doesn't exist
 [ SQL语句 ] : SHOW COLUMNS FROM `dh_category`
SQL: SELECT * FROM `dh_category` WHERE ( isverify=1 and isshow=1 ) LIMIT 5   [ RunTime:0.001031s ]
ERR: 1146:Table 'dianhua.dh_category' doesn't exist
 [ SQL语句 ] : SELECT * FROM `dh_category` WHERE ( isverify=1 and isshow=1 ) LIMIT 5  
SQL: SHOW COLUMNS FROM `dh_article` [ RunTime:0.005691s ]
ERR: 1146:Table 'dianhua.dh_article' doesn't exist
 [ SQL语句 ] : SHOW COLUMNS FROM `dh_article`
SQL: SELECT * FROM `dh_article` WHERE ( ispush=1 and islock=0 ) ORDER BY rand() LIMIT 5   [ RunTime:0.000779s ]
ERR: 1146:Table 'dianhua.dh_article' doesn't exist
 [ SQL语句 ] : SELECT * FROM `dh_article` WHERE ( ispush=1 and islock=0 ) ORDER BY rand() LIMIT 5  
SQL: SHOW COLUMNS FROM `dh_huafei` [ RunTime:0.006602s ]
SQL: SELECT * FROM `dh_huafei` ORDER BY id desc  [ RunTime:0.000870s ]
INFO: [ view_parse ] --START--
NOTIC: [2] file_get_contents(./App/Modules/Member/Tpl/default/Public/footer.html) [<a href='function.file-get-contents'>function.file-get-contents</a>]: failed to open stream: No such file or directory E:\Program Files\wamp\www\ThinkPHP\Lib\Template\ThinkTemplate.class.php 第 695 行.
INFO: ParseTemplate Behavior ::run [ RunTime:0.035187s ]
INFO: [ view_parse ] --END-- [ RunTime:0.035684s ]
INFO: [ view_filter ] --START--
INFO: ContentReplace Behavior ::run [ RunTime:0.002018s ]
INFO: TokenBuild Behavior ::run [ RunTime:0.001637s ]
INFO: WriteHtmlCache Behavior ::run [ RunTime:0.001254s ]
INFO: ShowRuntime Behavior ::run [ RunTime:0.001838s ]
INFO: [ view_filter ] --END-- [ RunTime:0.007670s ]
INFO: [ view_end ] --START--
INFO: ShowPageTrace Behavior ::run [ RunTime:0.002075s ]
INFO: [ view_end ] --END-- [ RunTime:0.002369s ]

[ 2014-10-29T12:15:29+08:00 ] 0.0.0.0 /index.php/index/login/doLogout
INFO: [ route_check ] --START--
INFO: CheckRoute Behavior ::run [ RunTime:0.002384s ]
INFO: [ route_check ] --END-- [ RunTime:0.002741s ]
INFO: [ app_begin ] --START--
INFO: ReadHtmlCache Behavior ::run [ RunTime:0.002138s ]
INFO: [ app_begin ] --END-- [ RunTime:0.002502s ]
INFO: [ view_parse ] --START--
INFO: ParseTemplate Behavior ::run [ RunTime:0.021822s ]
INFO: [ view_parse ] --END-- [ RunTime:0.022171s ]
INFO: [ view_filter ] --START--
INFO: ContentReplace Behavior ::run [ RunTime:0.001583s ]
INFO: TokenBuild Behavior ::run [ RunTime:0.001730s ]
INFO: WriteHtmlCache Behavior ::run [ RunTime:0.001277s ]
INFO: ShowRuntime Behavior ::run [ RunTime:0.001949s ]
INFO: [ view_filter ] --END-- [ RunTime:0.007420s ]
INFO: [ view_end ] --START--
INFO: ShowPageTrace Behavior ::run [ RunTime:0.002125s ]
INFO: [ view_end ] --END-- [ RunTime:0.002426s ]

[ 2014-10-29T12:15:30+08:00 ] 0.0.0.0 /index.php/index/index/index.html
INFO: [ route_check ] --START--
INFO: CheckRoute Behavior ::run [ RunTime:0.003035s ]
INFO: [ route_check ] --END-- [ RunTime:0.003512s ]
INFO: [ app_begin ] --START--
INFO: ReadHtmlCache Behavior ::run [ RunTime:0.002920s ]
INFO: [ app_begin ] --END-- [ RunTime:0.003339s ]
SQL: SHOW COLUMNS FROM `dh_category` [ RunTime:0.006566s ]
ERR: 1146:Table 'dianhua.dh_category' doesn't exist
 [ SQL语句 ] : SHOW COLUMNS FROM `dh_category`
SQL: SELECT * FROM `dh_category` WHERE ( isverify=1 and isshow=1 ) LIMIT 5   [ RunTime:0.000799s ]
ERR: 1146:Table 'dianhua.dh_category' doesn't exist
 [ SQL语句 ] : SELECT * FROM `dh_category` WHERE ( isverify=1 and isshow=1 ) LIMIT 5  
SQL: SHOW COLUMNS FROM `dh_huafei` [ RunTime:0.006164s ]
SQL: SELECT * FROM `dh_huafei` WHERE ( yys='移动' ) ORDER BY id desc  [ RunTime:0.001041s ]
SQL: SELECT * FROM `dh_huafei` WHERE ( yys='联通' ) ORDER BY id desc  [ RunTime:0.000882s ]
SQL: SELECT * FROM `dh_huafei` WHERE ( yys='电信' ) ORDER BY id desc  [ RunTime:0.000832s ]
INFO: [ view_parse ] --START--
NOTIC: [8] Undefined index: username E:\Program Files\wamp\www\App\Runtime\Cache\Index\35df0d61bb9b2cf03f64104eb4a2e1e8.php 第 19 行.
INFO: ParseTemplate Behavior ::run [ RunTime:0.046151s ]
INFO: [ view_parse ] --END-- [ RunTime:0.046486s ]
INFO: [ view_filter ] --START--
INFO: ContentReplace Behavior ::run [ RunTime:0.001657s ]
INFO: TokenBuild Behavior ::run [ RunTime:0.001622s ]
INFO: WriteHtmlCache Behavior ::run [ RunTime:0.001264s ]
INFO: ShowRuntime Behavior ::run [ RunTime:0.001843s ]
INFO: [ view_filter ] --END-- [ RunTime:0.007203s ]
INFO: [ view_end ] --START--
INFO: ShowPageTrace Behavior ::run [ RunTime:0.002020s ]
INFO: [ view_end ] --END-- [ RunTime:0.002304s ]

[ 2014-10-29T12:15:51+08:00 ] 0.0.0.0 /index.php/index/index/chaxun.html
INFO: [ route_check ] --START--
INFO: CheckRoute Behavior ::run [ RunTime:0.002557s ]
INFO: [ route_check ] --END-- [ RunTime:0.002913s ]
INFO: [ app_begin ] --START--
INFO: ReadHtmlCache Behavior ::run [ RunTime:0.001913s ]
INFO: [ app_begin ] --END-- [ RunTime:0.002225s ]
SQL: SHOW COLUMNS FROM `dh_category` [ RunTime:0.005134s ]
ERR: 1146:Table 'dianhua.dh_category' doesn't exist
 [ SQL语句 ] : SHOW COLUMNS FROM `dh_category`
SQL: SELECT * FROM `dh_category` WHERE ( isverify=1 and isshow=1 ) LIMIT 5   [ RunTime:0.000810s ]
ERR: 1146:Table 'dianhua.dh_category' doesn't exist
 [ SQL语句 ] : SELECT * FROM `dh_category` WHERE ( isverify=1 and isshow=1 ) LIMIT 5  
SQL: SHOW COLUMNS FROM `dh_huafei` [ RunTime:0.006740s ]
SQL: SELECT * FROM `dh_huafei` ORDER BY id desc  [ RunTime:0.000990s ]
INFO: [ view_parse ] --START--
NOTIC: [8] Undefined index: username E:\Program Files\wamp\www\App\Runtime\Cache\Index\9b9906071abebd0dd5debbf8bb94eaca.php 第 19 行.
INFO: ParseTemplate Behavior ::run [ RunTime:0.033254s ]
INFO: [ view_parse ] --END-- [ RunTime:0.033586s ]
INFO: [ view_filter ] --START--
INFO: ContentReplace Behavior ::run [ RunTime:0.001639s ]
INFO: TokenBuild Behavior ::run [ RunTime:0.001613s ]
INFO: WriteHtmlCache Behavior ::run [ RunTime:0.001250s ]
INFO: ShowRuntime Behavior ::run [ RunTime:0.001862s ]
INFO: [ view_filter ] --END-- [ RunTime:0.007237s ]
INFO: [ view_end ] --START--
INFO: ShowPageTrace Behavior ::run [ RunTime:0.002117s ]
INFO: [ view_end ] --END-- [ RunTime:0.002428s ]

[ 2014-10-29T12:16:10+08:00 ] 0.0.0.0 /
INFO: [ app_begin ] --START--
INFO: ReadHtmlCache Behavior ::run [ RunTime:0.002064s ]
INFO: [ app_begin ] --END-- [ RunTime:0.002451s ]
SQL: SHOW COLUMNS FROM `dh_category` [ RunTime:0.005283s ]
ERR: 1146:Table 'dianhua.dh_category' doesn't exist
 [ SQL语句 ] : SHOW COLUMNS FROM `dh_category`
SQL: SELECT * FROM `dh_category` WHERE ( isverify=1 and isshow=1 ) LIMIT 5   [ RunTime:0.000787s ]
ERR: 1146:Table 'dianhua.dh_category' doesn't exist
 [ SQL语句 ] : SELECT * FROM `dh_category` WHERE ( isverify=1 and isshow=1 ) LIMIT 5  
SQL: SHOW COLUMNS FROM `dh_huafei` [ RunTime:0.005847s ]
SQL: SELECT * FROM `dh_huafei` WHERE ( yys='移动' ) ORDER BY id desc  [ RunTime:0.000900s ]
SQL: SELECT * FROM `dh_huafei` WHERE ( yys='联通' ) ORDER BY id desc  [ RunTime:0.000795s ]
SQL: SELECT * FROM `dh_huafei` WHERE ( yys='电信' ) ORDER BY id desc  [ RunTime:0.000984s ]
INFO: [ view_parse ] --START--
NOTIC: [8] Undefined index: username E:\Program Files\wamp\www\App\Runtime\Cache\Index\35df0d61bb9b2cf03f64104eb4a2e1e8.php 第 19 行.
INFO: ParseTemplate Behavior ::run [ RunTime:0.046636s ]
INFO: [ view_parse ] --END-- [ RunTime:0.046980s ]
INFO: [ view_filter ] --START--
INFO: ContentReplace Behavior ::run [ RunTime:0.001673s ]
INFO: TokenBuild Behavior ::run [ RunTime:0.001605s ]
INFO: WriteHtmlCache Behavior ::run [ RunTime:0.001359s ]
INFO: ShowRuntime Behavior ::run [ RunTime:0.001890s ]
INFO: [ view_filter ] --END-- [ RunTime:0.007372s ]
INFO: [ view_end ] --START--
INFO: ShowPageTrace Behavior ::run [ RunTime:0.002648s ]
INFO: [ view_end ] --END-- [ RunTime:0.003019s ]

[ 2014-10-29T14:06:48+08:00 ] 0.0.0.0 /index.php/index/index/chaxun.html
INFO: [ route_check ] --START--
INFO: CheckRoute Behavior ::run [ RunTime:0.002558s ]
INFO: [ route_check ] --END-- [ RunTime:0.002909s ]
INFO: [ app_begin ] --START--
INFO: ReadHtmlCache Behavior ::run [ RunTime:0.001972s ]
INFO: [ app_begin ] --END-- [ RunTime:0.002295s ]
SQL: SHOW COLUMNS FROM `dh_category` [ RunTime:0.005076s ]
ERR: 1146:Table 'dianhua.dh_category' doesn't exist
 [ SQL语句 ] : SHOW COLUMNS FROM `dh_category`
SQL: SELECT * FROM `dh_category` WHERE ( isverify=1 and isshow=1 ) LIMIT 5   [ RunTime:0.000818s ]
ERR: 1146:Table 'dianhua.dh_category' doesn't exist
 [ SQL语句 ] : SELECT * FROM `dh_category` WHERE ( isverify=1 and isshow=1 ) LIMIT 5  
SQL: SHOW COLUMNS FROM `dh_huafei` [ RunTime:0.006217s ]
SQL: SELECT * FROM `dh_huafei` ORDER BY id desc  [ RunTime:0.001179s ]
INFO: [ view_parse ] --START--
NOTIC: [8] Undefined index: username E:\Program Files\wamp\www\App\Runtime\Cache\Index\9b9906071abebd0dd5debbf8bb94eaca.php 第 19 行.
INFO: ParseTemplate Behavior ::run [ RunTime:0.034950s ]
INFO: [ view_parse ] --END-- [ RunTime:0.035309s ]
INFO: [ view_filter ] --START--
INFO: ContentReplace Behavior ::run [ RunTime:0.001639s ]
INFO: TokenBuild Behavior ::run [ RunTime:0.001631s ]
INFO: WriteHtmlCache Behavior ::run [ RunTime:0.001361s ]
INFO: ShowRuntime Behavior ::run [ RunTime:0.001848s ]
INFO: [ view_filter ] --END-- [ RunTime:0.007319s ]
INFO: [ view_end ] --START--
INFO: ShowPageTrace Behavior ::run [ RunTime:0.002074s ]
INFO: [ view_end ] --END-- [ RunTime:0.002361s ]

[ 2014-10-29T18:21:52+08:00 ] 169.254.161.198 /?q=CoH81GynWugwqOADAUr_RmMGnfWoowOlf3OauFcvqbxuL2CnCyMAXAmnQ-gkBZOEu7SiIMPqOuVovdPDJAWUvFpgUqABh6kghkEA1PZ6XFctMf0
INFO: [ app_begin ] --START--
INFO: ReadHtmlCache Behavior ::run [ RunTime:0.001872s ]
INFO: [ app_begin ] --END-- [ RunTime:0.002173s ]
SQL: SHOW COLUMNS FROM `dh_category` [ RunTime:0.006374s ]
ERR: 1146:Table 'dianhua.dh_category' doesn't exist
 [ SQL语句 ] : SHOW COLUMNS FROM `dh_category`
SQL: SELECT * FROM `dh_category` WHERE ( isverify=1 and isshow=1 ) LIMIT 5   [ RunTime:0.000771s ]
ERR: 1146:Table 'dianhua.dh_category' doesn't exist
 [ SQL语句 ] : SELECT * FROM `dh_category` WHERE ( isverify=1 and isshow=1 ) LIMIT 5  
SQL: SHOW COLUMNS FROM `dh_huafei` [ RunTime:0.005683s ]
SQL: SELECT * FROM `dh_huafei` WHERE ( yys='移动' ) ORDER BY id desc  [ RunTime:0.000937s ]
SQL: SELECT * FROM `dh_huafei` WHERE ( yys='联通' ) ORDER BY id desc  [ RunTime:0.000769s ]
SQL: SELECT * FROM `dh_huafei` WHERE ( yys='电信' ) ORDER BY id desc  [ RunTime:0.000746s ]
INFO: [ view_parse ] --START--
NOTIC: [8] Undefined index: username E:\Program Files\wamp\www\App\Runtime\Cache\Index\35df0d61bb9b2cf03f64104eb4a2e1e8.php 第 19 行.
INFO: ParseTemplate Behavior ::run [ RunTime:0.056006s ]
INFO: [ view_parse ] --END-- [ RunTime:0.056486s ]
INFO: [ view_filter ] --START--
INFO: ContentReplace Behavior ::run [ RunTime:0.002627s ]
INFO: TokenBuild Behavior ::run [ RunTime:0.002294s ]
INFO: WriteHtmlCache Behavior ::run [ RunTime:0.001303s ]
INFO: ShowRuntime Behavior ::run [ RunTime:0.001867s ]
INFO: [ view_filter ] --END-- [ RunTime:0.009119s ]
INFO: [ view_end ] --START--
INFO: ShowPageTrace Behavior ::run [ RunTime:0.002079s ]
INFO: [ view_end ] --END-- [ RunTime:0.002359s ]

