[ 2014-11-10T22:25:03+08:00 ] 0.0.0.0 /
INFO: [ app_begin ] --START--
INFO: ReadHtmlCache Behavior ::run [ RunTime:0.109245s ]
INFO: [ app_begin ] --END-- [ RunTime:0.109375s ]
SQL: SHOW COLUMNS FROM `dh_category` [ RunTime:0.001986s ]
ERR: 1146:Table 'dianhua.dh_category' doesn't exist
 [ SQL语句 ] : SHOW COLUMNS FROM `dh_category`
SQL: SELECT * FROM `dh_category` WHERE ( isverify=1 and isshow=1 ) LIMIT 5   [ RunTime:0.000331s ]
ERR: 1146:Table 'dianhua.dh_category' doesn't exist
 [ SQL语句 ] : SELECT * FROM `dh_category` WHERE ( isverify=1 and isshow=1 ) LIMIT 5  
SQL: SHOW COLUMNS FROM `dh_huafei` [ RunTime:0.024852s ]
SQL: SELECT * FROM `dh_huafei` WHERE ( yys='移动' ) ORDER BY id desc  [ RunTime:0.000549s ]
SQL: SELECT * FROM `dh_huafei` WHERE ( yys='联通' ) ORDER BY id desc  [ RunTime:0.000345s ]
SQL: SELECT * FROM `dh_huafei` WHERE ( yys='电信' ) ORDER BY id desc  [ RunTime:0.000307s ]
INFO: [ view_parse ] --START--
NOTIC: [8] Undefined index: username E:\Program Files\wamp\www\App\Runtime\Cache\Index\35df0d61bb9b2cf03f64104eb4a2e1e8.php 第 19 行.
INFO: ParseTemplate Behavior ::run [ RunTime:0.054346s ]
INFO: [ view_parse ] --END-- [ RunTime:0.054447s ]
INFO: [ view_filter ] --START--
INFO: ContentReplace Behavior ::run [ RunTime:0.014114s ]
INFO: TokenBuild Behavior ::run [ RunTime:0.000979s ]
INFO: WriteHtmlCache Behavior ::run [ RunTime:0.000620s ]
INFO: ShowRuntime Behavior ::run [ RunTime:0.001299s ]
INFO: [ view_filter ] --END-- [ RunTime:0.017320s ]
INFO: [ view_end ] --START--
INFO: ShowPageTrace Behavior ::run [ RunTime:0.001304s ]
INFO: [ view_end ] --END-- [ RunTime:0.001392s ]

